2019-07-18 17:24:27 [scrapy.utils.log] INFO: Scrapy 1.6.0 started (bot: news_crawler)
2019-07-18 17:24:27 [scrapy.utils.log] INFO: Versions: lxml 4.3.4.0, libxml2 2.9.5, cssselect 1.0.3, parsel 1.5.1, w3lib 1.20.0, Twisted 19.2.1, Python 3.7.2 (tags/v3.7.2:9a3ffc0492, Dec 23 2018, 23:09:28) [MSC v.1916 64 bit (AMD64)], pyOpenSSL 19.0.0 (OpenSSL 1.1.1c  28 May 2019), cryptography 2.7, Platform Windows-10-10.0.18362-SP0
2019-07-18 17:24:27 [scrapy.crawler] INFO: Overridden settings: {'BOT_NAME': 'news_crawler', 'LOG_FILE': 'Log/BBC_crawer_log_20190718172427.log', 'NEWSPIDER_MODULE': 'news_crawler.spiders', 'ROBOTSTXT_OBEY': True, 'SPIDER_MODULES': ['news_crawler.spiders']}
2019-07-18 17:24:27 [scrapy.extensions.telnet] INFO: Telnet Password: e1def2044161e937
2019-07-18 17:24:27 [scrapy.middleware] INFO: Enabled extensions:
['scrapy.extensions.corestats.CoreStats',
 'scrapy.extensions.telnet.TelnetConsole',
 'scrapy.extensions.logstats.LogStats']
2019-07-18 17:24:27 [scrapy.middleware] INFO: Enabled downloader middlewares:
['scrapy.downloadermiddlewares.robotstxt.RobotsTxtMiddleware',
 'scrapy.downloadermiddlewares.httpauth.HttpAuthMiddleware',
 'scrapy.downloadermiddlewares.downloadtimeout.DownloadTimeoutMiddleware',
 'scrapy.downloadermiddlewares.defaultheaders.DefaultHeadersMiddleware',
 'scrapy.downloadermiddlewares.useragent.UserAgentMiddleware',
 'scrapy.downloadermiddlewares.retry.RetryMiddleware',
 'scrapy.downloadermiddlewares.redirect.MetaRefreshMiddleware',
 'scrapy.downloadermiddlewares.httpcompression.HttpCompressionMiddleware',
 'scrapy.downloadermiddlewares.redirect.RedirectMiddleware',
 'scrapy.downloadermiddlewares.cookies.CookiesMiddleware',
 'scrapy.downloadermiddlewares.httpproxy.HttpProxyMiddleware',
 'scrapy.downloadermiddlewares.stats.DownloaderStats']
2019-07-18 17:24:27 [scrapy.middleware] INFO: Enabled spider middlewares:
['scrapy.spidermiddlewares.httperror.HttpErrorMiddleware',
 'scrapy.spidermiddlewares.offsite.OffsiteMiddleware',
 'scrapy.spidermiddlewares.referer.RefererMiddleware',
 'scrapy.spidermiddlewares.urllength.UrlLengthMiddleware',
 'scrapy.spidermiddlewares.depth.DepthMiddleware']
2019-07-18 17:24:28 [scrapy.middleware] INFO: Enabled item pipelines:
['news_crawler.pipelines.NewsCrawlerPipeline',
 'news_crawler.pipelines.NewsTextPipeline',
 'news_crawler.pipelines.DropIfEmptyPipeline',
 'news_crawler.pipelines.DuplicatesPipeline',
 'news_crawler.pipelines.MongoDBPipeline']
2019-07-18 17:24:28 [scrapy.core.engine] INFO: Spider opened
2019-07-18 17:24:28 [scrapy.extensions.logstats] INFO: Crawled 0 pages (at 0 pages/min), scraped 0 items (at 0 items/min)
2019-07-18 17:24:28 [scrapy.extensions.telnet] INFO: Telnet console listening on 127.0.0.1:6023
2019-07-18 17:24:28 [scrapy.core.engine] DEBUG: Crawled (200) <GET https://www.bbc.com/robots.txt> (referer: None)
2019-07-18 17:24:29 [scrapy.downloadermiddlewares.redirect] DEBUG: Redirecting (301) to <GET https://www.bbc.com/vietnamese/business> from <GET https://www.bbc.com/vietnamese/business/>
2019-07-18 17:24:30 [scrapy.core.engine] DEBUG: Crawled (200) <GET https://www.bbc.com/vietnamese/business> (referer: None)
2019-07-18 17:24:30 [scrapy.dupefilters] DEBUG: Filtered duplicate request: <GET https://www.bbc.com/vietnamese/business#orb-footer> - no more duplicates will be shown (see DUPEFILTER_DEBUG to show all duplicates)
2019-07-18 17:24:31 [scrapy.core.engine] DEBUG: Crawled (200) <GET https://www.bbc.com/vietnamese/business#page> (referer: https://www.bbc.com/vietnamese/business)
2019-07-18 17:24:31 [root] INFO: Parsing URL: https://www.bbc.com/vietnamese/business
2019-07-18 17:24:31 [urllib3.connectionpool] DEBUG: Starting new HTTPS connection (1): www.bbc.com:443
2019-07-18 17:24:31 [urllib3.connectionpool] DEBUG: https://www.bbc.com:443 "GET /vietnamese/business HTTP/1.1" 200 30921
2019-07-18 17:24:31 [py.warnings] WARNING: C:\Users\Lumos\AppData\Local\Programs\Python\Python37\lib\site-packages\readability\htmls.py:117: FutureWarning: The behavior of this method will change in future versions. Use specific 'len(elem)' or 'elem is not None' test instead.
  raw_html = str_(tostring(doc.body or doc))

2019-07-18 17:24:31 [readability.readability] DEBUG: Removing unlikely candidate - header#orb-banner>#orb-header.orb-nav-pri.orb-nav-pri-white.orb-nav-empty
2019-07-18 17:24:31 [readability.readability] DEBUG: Removing unlikely candidate - .container-width-only>#bbccom_sponsor_section_1_2_3_4.bbccom_slot
2019-07-18 17:24:31 [readability.readability] DEBUG: Removing unlikely candidate - li.follow-us__list-item.follow-us__list-item--social>a.follow-us__list-item-link.follow-us__list-item-link--twitter
2019-07-18 17:24:31 [readability.readability] DEBUG: Removing unlikely candidate - a.follow-us__list-item-link>span.follow-us__list-item-icon.svg-icon.svg-icon--large.svg-icon--rss
2019-07-18 17:24:31 [readability.readability] DEBUG: Removing unlikely candidate - #site-container>#core-navigation.navigation--footer
2019-07-18 17:24:31 [readability.readability] DEBUG: Removing unlikely candidate - #core-navigation.navigation--footer>h2.navigation--footer__heading
2019-07-18 17:24:31 [readability.readability] DEBUG: Removing unlikely candidate - .direction>#orb-footer.orb-footer
2019-07-18 17:24:31 [readability.readability] DEBUG: Removing unlikely candidate - #orb-aside.orb-nav-sec.b-r.b-g-p>.orb-footer-inner
2019-07-18 17:24:31 [readability.readability] DEBUG: Removing unlikely candidate - .orb-footer-inner>h2.orb-footer-lead
2019-07-18 17:24:31 [readability.readability] DEBUG: Removing unlikely candidate - .orb-footer-inner>.orb-footer-primary-links
2019-07-18 17:24:31 [readability.readability] DEBUG: Removing unlikely candidate - #orb-contentinfo.orb-nav-sec.b-r.b-g-p>.orb-footer-inner
2019-07-18 17:24:31 [readability.readability] DEBUG: Removing unlikely candidate - ul>li.orb-footer-terms
2019-07-18 17:24:31 [readability.readability] DEBUG: Removing unlikely candidate - ul>li.orb-footer-about
2019-07-18 17:24:31 [readability.readability] DEBUG: Removing unlikely candidate - ul>li.orb-footer-privacy
2019-07-18 17:24:31 [readability.readability] DEBUG: Removing unlikely candidate - ul>li.orb-footer-cookies
2019-07-18 17:24:31 [readability.readability] DEBUG: Removing unlikely candidate - ul>li.orb-footer-accessibility
2019-07-18 17:24:31 [readability.readability] DEBUG: Removing unlikely candidate - ul>li.orb-footer-parental
2019-07-18 17:24:31 [readability.readability] DEBUG: Removing unlikely candidate - ul>li.orb-footer-contact
2019-07-18 17:24:31 [readability.readability] DEBUG: Removing unlikely candidate - ul>li.orb-footer-newsletter
2019-07-18 17:24:31 [readability.readability] DEBUG: Removing unlikely candidate - small>span.orb-footer-links
2019-07-18 17:24:31 [readability.readability] DEBUG: Branch 32.950 .eagle-item.faux-block-link>.eagle-item__body link density 0.305 -> 22.906
2019-07-18 17:24:31 [readability.readability] DEBUG: Branch  6.475 .eagle>.eagle-item.faux-block-link link density 0.373 ->  4.059
2019-07-18 17:24:31 [readability.readability] DEBUG: Branch 32.770 .eagle-item.faux-block-link>.eagle-item__body link density 0.349 -> 21.339
2019-07-18 17:24:31 [readability.readability] DEBUG: Branch  6.385 .eagle>.eagle-item.faux-block-link link density 0.415 ->  3.733
2019-07-18 17:24:31 [readability.readability] DEBUG: Branch 34.110 .eagle-item.faux-block-link>.eagle-item__body link density 0.301 -> 23.828
2019-07-18 17:24:31 [readability.readability] DEBUG: Branch  7.055 .eagle>.eagle-item.faux-block-link link density 0.378 ->  4.385
2019-07-18 17:24:31 [readability.readability] DEBUG: Branch 33.230 .eagle-item.faux-block-link>.eagle-item__body link density 0.314 -> 22.782
2019-07-18 17:24:31 [readability.readability] DEBUG: Branch  6.615 .eagle>.eagle-item.faux-block-link link density 0.401 ->  3.965
2019-07-18 17:24:31 [readability.readability] DEBUG: Branch 32.890 .eagle-item.faux-block-link>.eagle-item__body link density 0.369 -> 20.746
2019-07-18 17:24:31 [readability.readability] DEBUG: Branch  6.445 .eagle>.eagle-item.faux-block-link link density 0.449 ->  3.553
2019-07-18 17:24:31 [readability.readability] DEBUG: Branch 36.310 .eagle-item.faux-block-link>.eagle-item__body link density 0.276 -> 26.277
2019-07-18 17:24:31 [readability.readability] DEBUG: Branch  8.155 .eagle>.eagle-item.faux-block-link link density 0.355 ->  5.260
2019-07-18 17:24:31 [readability.readability] DEBUG: Branch 34.310 .eagle-item.faux-block-link>.eagle-item__body link density 0.292 -> 24.297
2019-07-18 17:24:31 [readability.readability] DEBUG: Branch  7.155 .eagle>.eagle-item.faux-block-link link density 0.375 ->  4.469
2019-07-18 17:24:31 [readability.readability] DEBUG: Branch 33.180 .eagle-item.faux-block-link>.eagle-item__body link density 0.359 -> 21.280
2019-07-18 17:24:31 [readability.readability] DEBUG: Branch  6.590 .eagle>.eagle-item.faux-block-link link density 0.453 ->  3.607
2019-07-18 17:24:31 [readability.readability] DEBUG: Branch 32.880 .eagle-item.faux-block-link>.eagle-item__body link density 0.348 -> 21.451
2019-07-18 17:24:31 [readability.readability] DEBUG: Branch  6.440 .eagle>.eagle-item.faux-block-link link density 0.422 ->  3.725
2019-07-18 17:24:31 [readability.readability] DEBUG: Branch 33.220 .eagle-item.faux-block-link>.eagle-item__body link density 0.314 -> 22.775
2019-07-18 17:24:31 [readability.readability] DEBUG: Branch  6.610 .eagle>.eagle-item.faux-block-link link density 0.401 ->  3.962
2019-07-18 17:24:31 [readability.readability] DEBUG: Branch 34.770 .eagle-item.faux-block-link>.eagle-item__body link density 0.337 -> 23.043
2019-07-18 17:24:31 [readability.readability] DEBUG: Branch  7.385 .eagle>.eagle-item.faux-block-link link density 0.401 ->  4.425
2019-07-18 17:24:31 [readability.readability] DEBUG: Branch 34.390 .eagle-item.faux-block-link>.eagle-item__body link density 0.247 -> 25.904
2019-07-18 17:24:31 [readability.readability] DEBUG: Branch  7.195 .eagle>.eagle-item.faux-block-link link density 0.319 ->  4.899
2019-07-18 17:24:31 [readability.readability] DEBUG: Branch 33.920 .eagle-item.faux-block-link>.eagle-item__body link density 0.355 -> 21.867
2019-07-18 17:24:31 [readability.readability] DEBUG: Branch  6.960 .eagle>.eagle-item.faux-block-link link density 0.435 ->  3.935
2019-07-18 17:24:31 [readability.readability] DEBUG: Branch 34.280 .eagle-item.faux-block-link>.eagle-item__body link density 0.309 -> 23.676
2019-07-18 17:24:31 [readability.readability] DEBUG: Branch  7.140 .eagle>.eagle-item.faux-block-link link density 0.397 ->  4.306
2019-07-18 17:24:31 [readability.readability] DEBUG: Branch 34.590 .eagle-item.faux-block-link>.eagle-item__body link density 0.245 -> 26.111
2019-07-18 17:24:31 [readability.readability] DEBUG: Branch  7.295 .eagle>.eagle-item.faux-block-link link density 0.324 ->  4.928
2019-07-18 17:24:31 [readability.readability] DEBUG: Branch 33.130 .eagle-item.faux-block-link>.eagle-item__body link density 0.327 -> 22.287
2019-07-18 17:24:31 [readability.readability] DEBUG: Branch  6.565 .eagle>.eagle-item.faux-block-link link density 0.412 ->  3.858
2019-07-18 17:24:31 [readability.readability] DEBUG: Branch 34.020 .eagle-item.faux-block-link>.eagle-item__body link density 0.335 -> 22.625
2019-07-18 17:24:31 [readability.readability] DEBUG: Branch  7.010 .eagle>.eagle-item.faux-block-link link density 0.416 ->  4.095
2019-07-18 17:24:31 [readability.readability] DEBUG: Branch 35.040 .eagle-item.faux-block-link>.eagle-item__body link density 0.294 -> 24.724
2019-07-18 17:24:31 [readability.readability] DEBUG: Branch  7.520 .eagle>.eagle-item.faux-block-link link density 0.365 ->  4.773
2019-07-18 17:24:31 [readability.readability] DEBUG: Branch 34.380 .eagle-item.faux-block-link>.eagle-item__body link density 0.267 -> 25.202
2019-07-18 17:24:31 [readability.readability] DEBUG: Branch  7.190 .eagle>.eagle-item.faux-block-link link density 0.346 ->  4.702
2019-07-18 17:24:31 [readability.readability] DEBUG: Branch 33.150 .eagle-item.faux-block-link>.eagle-item__body link density 0.332 -> 22.150
2019-07-18 17:24:31 [readability.readability] DEBUG: Branch  6.575 .eagle>.eagle-item.faux-block-link link density 0.419 ->  3.823
2019-07-18 17:24:31 [readability.readability] INFO: Top 5 : 26.277 .eagle-item.faux-block-link>.eagle-item__body
2019-07-18 17:24:31 [readability.readability] INFO: Top 5 : 26.111 .eagle-item.faux-block-link>.eagle-item__body
2019-07-18 17:24:31 [readability.readability] INFO: Top 5 : 25.904 .eagle-item.faux-block-link>.eagle-item__body
2019-07-18 17:24:31 [readability.readability] INFO: Top 5 : 25.202 .eagle-item.faux-block-link>.eagle-item__body
2019-07-18 17:24:31 [readability.readability] INFO: Top 5 : 24.724 .eagle-item.faux-block-link>.eagle-item__body
2019-07-18 17:24:31 [readability.readability] DEBUG: Removed 26.277 .eagle-item__body>ul.mini-info-list with weight 0 cause it has too short content length 19 without a single image.
2019-07-18 17:24:31 [readability.readability] DEBUG: Not removing div{01}>.eagle-item__body of length 208: \n \n \n \n \n Jeff Bezos xây dựng đế ch...
2019-07-18 17:24:31 [readability.readability] DEBUG: Removed  0.000 body>div{01} with weight 0 cause it has too many links 0.303 for its weight 0.
2019-07-18 17:24:32 [readability.readability] DEBUG: Branch 32.950 .eagle-item.faux-block-link>.eagle-item__body link density 0.305 -> 22.906
2019-07-18 17:24:32 [readability.readability] DEBUG: Branch  6.475 .eagle>.eagle-item.faux-block-link link density 0.373 ->  4.059
2019-07-18 17:24:32 [readability.readability] DEBUG: Branch 32.770 .eagle-item.faux-block-link>.eagle-item__body link density 0.349 -> 21.339
2019-07-18 17:24:32 [readability.readability] DEBUG: Branch  6.385 .eagle>.eagle-item.faux-block-link link density 0.415 ->  3.733
2019-07-18 17:24:32 [readability.readability] DEBUG: Branch 34.110 .eagle-item.faux-block-link>.eagle-item__body link density 0.301 -> 23.828
2019-07-18 17:24:32 [readability.readability] DEBUG: Branch  7.055 .eagle>.eagle-item.faux-block-link link density 0.378 ->  4.385
2019-07-18 17:24:32 [readability.readability] DEBUG: Branch 33.230 .eagle-item.faux-block-link>.eagle-item__body link density 0.314 -> 22.782
2019-07-18 17:24:32 [readability.readability] DEBUG: Branch  6.615 .eagle>.eagle-item.faux-block-link link density 0.401 ->  3.965
2019-07-18 17:24:32 [readability.readability] DEBUG: Branch 32.890 .eagle-item.faux-block-link>.eagle-item__body link density 0.369 -> 20.746
2019-07-18 17:24:32 [readability.readability] DEBUG: Branch  6.445 .eagle>.eagle-item.faux-block-link link density 0.449 ->  3.553
2019-07-18 17:24:32 [readability.readability] DEBUG: Branch 36.310 .eagle-item.faux-block-link>.eagle-item__body link density 0.276 -> 26.277
2019-07-18 17:24:32 [readability.readability] DEBUG: Branch  8.155 .eagle>.eagle-item.faux-block-link link density 0.355 ->  5.260
2019-07-18 17:24:32 [readability.readability] DEBUG: Branch 34.310 .eagle-item.faux-block-link>.eagle-item__body link density 0.292 -> 24.297
2019-07-18 17:24:32 [readability.readability] DEBUG: Branch  7.155 .eagle>.eagle-item.faux-block-link link density 0.375 ->  4.469
2019-07-18 17:24:32 [readability.readability] DEBUG: Branch 33.180 .eagle-item.faux-block-link>.eagle-item__body link density 0.359 -> 21.280
2019-07-18 17:24:32 [readability.readability] DEBUG: Branch  6.590 .eagle>.eagle-item.faux-block-link link density 0.453 ->  3.607
2019-07-18 17:24:32 [readability.readability] DEBUG: Branch 32.880 .eagle-item.faux-block-link>.eagle-item__body link density 0.348 -> 21.451
2019-07-18 17:24:32 [readability.readability] DEBUG: Branch  6.440 .eagle>.eagle-item.faux-block-link link density 0.422 ->  3.725
2019-07-18 17:24:32 [readability.readability] DEBUG: Branch 33.220 .eagle-item.faux-block-link>.eagle-item__body link density 0.314 -> 22.775
2019-07-18 17:24:32 [readability.readability] DEBUG: Branch  6.610 .eagle>.eagle-item.faux-block-link link density 0.401 ->  3.962
2019-07-18 17:24:32 [readability.readability] DEBUG: Branch 34.770 .eagle-item.faux-block-link>.eagle-item__body link density 0.337 -> 23.043
2019-07-18 17:24:32 [readability.readability] DEBUG: Branch  7.385 .eagle>.eagle-item.faux-block-link link density 0.401 ->  4.425
2019-07-18 17:24:32 [readability.readability] DEBUG: Branch 34.390 .eagle-item.faux-block-link>.eagle-item__body link density 0.247 -> 25.904
2019-07-18 17:24:32 [readability.readability] DEBUG: Branch  7.195 .eagle>.eagle-item.faux-block-link link density 0.319 ->  4.899
2019-07-18 17:24:32 [readability.readability] DEBUG: Branch 33.920 .eagle-item.faux-block-link>.eagle-item__body link density 0.355 -> 21.867
2019-07-18 17:24:32 [readability.readability] DEBUG: Branch  6.960 .eagle>.eagle-item.faux-block-link link density 0.435 ->  3.935
2019-07-18 17:24:32 [readability.readability] DEBUG: Branch 34.280 .eagle-item.faux-block-link>.eagle-item__body link density 0.309 -> 23.676
2019-07-18 17:24:32 [readability.readability] DEBUG: Branch  7.140 .eagle>.eagle-item.faux-block-link link density 0.397 ->  4.306
2019-07-18 17:24:32 [readability.readability] DEBUG: Branch 34.590 .eagle-item.faux-block-link>.eagle-item__body link density 0.245 -> 26.111
2019-07-18 17:24:32 [readability.readability] DEBUG: Branch  7.295 .eagle>.eagle-item.faux-block-link link density 0.324 ->  4.928
2019-07-18 17:24:32 [readability.readability] DEBUG: Branch 33.130 .eagle-item.faux-block-link>.eagle-item__body link density 0.327 -> 22.287
2019-07-18 17:24:32 [readability.readability] DEBUG: Branch  6.565 .eagle>.eagle-item.faux-block-link link density 0.412 ->  3.858
2019-07-18 17:24:32 [readability.readability] DEBUG: Branch 34.020 .eagle-item.faux-block-link>.eagle-item__body link density 0.335 -> 22.625
2019-07-18 17:24:32 [readability.readability] DEBUG: Branch  7.010 .eagle>.eagle-item.faux-block-link link density 0.416 ->  4.095
2019-07-18 17:24:32 [readability.readability] DEBUG: Branch 35.040 .eagle-item.faux-block-link>.eagle-item__body link density 0.294 -> 24.724
2019-07-18 17:24:32 [readability.readability] DEBUG: Branch  7.520 .eagle>.eagle-item.faux-block-link link density 0.365 ->  4.773
2019-07-18 17:24:32 [readability.readability] DEBUG: Branch 34.380 .eagle-item.faux-block-link>.eagle-item__body link density 0.267 -> 25.202
2019-07-18 17:24:32 [readability.readability] DEBUG: Branch  7.190 .eagle>.eagle-item.faux-block-link link density 0.346 ->  4.702
2019-07-18 17:24:32 [readability.readability] DEBUG: Branch 33.150 .eagle-item.faux-block-link>.eagle-item__body link density 0.332 -> 22.150
2019-07-18 17:24:32 [readability.readability] DEBUG: Branch  6.575 .eagle>.eagle-item.faux-block-link link density 0.419 ->  3.823
2019-07-18 17:24:32 [readability.readability] INFO: Top 5 : 26.277 .eagle-item.faux-block-link>.eagle-item__body
2019-07-18 17:24:32 [readability.readability] INFO: Top 5 : 26.111 .eagle-item.faux-block-link>.eagle-item__body
2019-07-18 17:24:32 [readability.readability] INFO: Top 5 : 25.904 .eagle-item.faux-block-link>.eagle-item__body
2019-07-18 17:24:32 [readability.readability] INFO: Top 5 : 25.202 .eagle-item.faux-block-link>.eagle-item__body
2019-07-18 17:24:32 [readability.readability] INFO: Top 5 : 24.724 .eagle-item.faux-block-link>.eagle-item__body
2019-07-18 17:24:32 [readability.readability] DEBUG: Removed 26.277 .eagle-item__body>ul.mini-info-list with weight 0 cause it has too short content length 19 without a single image.
2019-07-18 17:24:32 [readability.readability] DEBUG: Not removing div{01}>.eagle-item__body of length 208: \n \n \n \n \n Jeff Bezos xây dựng đế ch...
2019-07-18 17:24:32 [readability.readability] DEBUG: Removed  0.000 body>div{01} with weight 0 cause it has too many links 0.303 for its weight 0.
2019-07-18 17:24:32 [scrapy.core.scraper] ERROR: Error processing {'author': b'https://www.facebook.com/bbcnews',
 'newsHeadline': b'Kinh t - BBC News Ting Vit',
 'newsUrl': 'https://www.bbc.com/vietnamese/business'}
Traceback (most recent call last):
  File "C:\Users\Lumos\AppData\Local\Programs\Python\Python37\lib\site-packages\twisted\internet\defer.py", line 654, in _runCallbacks
    current.result = callback(current.result, *args, **kw)
  File "D:\ThanhDu\Data\BBC_NEWS_CRAWLER\news_crawler\pipelines.py", line 134, in process_item
    or (not item['newsText']) or (not item['author'])):
  File "C:\Users\Lumos\AppData\Local\Programs\Python\Python37\lib\site-packages\scrapy\item.py", line 59, in __getitem__
    return self._values[key]
KeyError: 'newsText'
2019-07-18 17:24:32 [scrapy.core.engine] DEBUG: Crawled (200) <GET https://www.bbc.com/vietnamese/business-48785601> (referer: https://www.bbc.com/vietnamese/business)
2019-07-18 17:24:32 [scrapy.core.engine] DEBUG: Crawled (200) <GET https://www.bbc.com/vietnamese/business-48843292> (referer: https://www.bbc.com/vietnamese/business)
2019-07-18 17:24:32 [root] INFO: Parsing URL: https://www.bbc.com/vietnamese/business-48785601
2019-07-18 17:24:32 [urllib3.connectionpool] DEBUG: Starting new HTTPS connection (1): www.bbc.com:443
2019-07-18 17:24:33 [urllib3.connectionpool] DEBUG: https://www.bbc.com:443 "GET /vietnamese/business-48785601 HTTP/1.1" 200 33106
2019-07-18 17:24:33 [readability.readability] DEBUG: Removing unlikely candidate - header#orb-banner>#orb-header.orb-nav-pri.orb-nav-pri-white.orb-nav-empty
2019-07-18 17:24:33 [readability.readability] DEBUG: Removing unlikely candidate - .container-width-only>#bbccom_sponsor_section_1_2_3_4.bbccom_slot
2019-07-18 17:24:33 [readability.readability] DEBUG: Removing unlikely candidate - .container-width-only>#bbccom_sponsor_section_1_2_3_4.bbccom_slot
2019-07-18 17:24:33 [readability.readability] DEBUG: Removing unlikely candidate - .story-body>.with-extracted-share-icons
2019-07-18 17:24:33 [readability.readability] DEBUG: Removing unlikely candidate - ul.sharetools>li.twite__channel-out.twite__channel-out--desktop.twite__channel-out--facebook.twite__channel-click-extracted--facebook.twite__list-elements
2019-07-18 17:24:33 [readability.readability] DEBUG: Removing unlikely candidate - li.twite__channel-out.twite__channel-out--desktop.twite__channel-out--facebook.twite__channel-click-extracted--facebook.twite__list-elements>a.extracted__channel-link.extracted__channel-link--facebook
2019-07-18 17:24:33 [readability.readability] DEBUG: Removing unlikely candidate - a.extracted__channel-link.extracted__channel-link--facebook>span.extracted__icon.extracted__icon--facebook
2019-07-18 17:24:33 [readability.readability] DEBUG: Removing unlikely candidate - span.extracted__icon.extracted__icon--facebook>svg.extracted-svg.ex-facebook
2019-07-18 17:24:33 [readability.readability] DEBUG: Removing unlikely candidate - ul.sharetools>li.twite__channel-out.twite__channel-out--desktop.twite__channel-out--messengerdesktop.twite__channel-click-extracted--messengerdesktop.twite__list-elements
2019-07-18 17:24:33 [readability.readability] DEBUG: Removing unlikely candidate - li.twite__channel-out.twite__channel-out--desktop.twite__channel-out--messengerdesktop.twite__channel-click-extracted--messengerdesktop.twite__list-elements>a.extracted__channel-link.extracted__channel-link--messengerdesktop
2019-07-18 17:24:33 [readability.readability] DEBUG: Removing unlikely candidate - a.extracted__channel-link.extracted__channel-link--messengerdesktop>span.extracted__icon.extracted__icon--messengerdesktop
2019-07-18 17:24:33 [readability.readability] DEBUG: Removing unlikely candidate - span.extracted__icon.extracted__icon--messengerdesktop>svg.extracted-svg.ex-messengerdesktop
2019-07-18 17:24:33 [readability.readability] DEBUG: Removing unlikely candidate - ul.sharetools>li.twite__channel-out.twite__channel-out--desktop.twite__channel-out--twitter.twite__channel-click-extracted--twitter.twite__list-elements
2019-07-18 17:24:33 [readability.readability] DEBUG: Removing unlikely candidate - li.twite__channel-out.twite__channel-out--desktop.twite__channel-out--twitter.twite__channel-click-extracted--twitter.twite__list-elements>a.extracted__channel-link.extracted__channel-link--twitter
2019-07-18 17:24:33 [readability.readability] DEBUG: Removing unlikely candidate - a.extracted__channel-link.extracted__channel-link--twitter>span.extracted__icon.extracted__icon--twitter
2019-07-18 17:24:33 [readability.readability] DEBUG: Removing unlikely candidate - span.extracted__icon.extracted__icon--twitter>svg.extracted-svg.ex-twitter
2019-07-18 17:24:33 [readability.readability] DEBUG: Removing unlikely candidate - ul.sharetools>li.twite__channel-out.twite__channel-out--desktop.twite__channel-out--email.twite__channel-click-extracted--email.twite__list-elements
2019-07-18 17:24:33 [readability.readability] DEBUG: Removing unlikely candidate - li.twite__channel-out.twite__channel-out--desktop.twite__channel-out--email.twite__channel-click-extracted--email.twite__list-elements>a.extracted__channel-link.extracted__channel-link--email
2019-07-18 17:24:33 [readability.readability] DEBUG: Removing unlikely candidate - a.extracted__channel-link.extracted__channel-link--email>span.extracted__icon.extracted__icon--email
2019-07-18 17:24:33 [readability.readability] DEBUG: Removing unlikely candidate - span.extracted__icon.extracted__icon--email>svg.extracted-svg.ex-email
2019-07-18 17:24:33 [readability.readability] DEBUG: Removing unlikely candidate - ul.sharetools>li.twite__channel-out.twite__channel-out--mobile.twite__channel-out--facebook.twite__channel-click-extracted--facebook.twite__list-elements
2019-07-18 17:24:33 [readability.readability] DEBUG: Removing unlikely candidate - li.twite__channel-out.twite__channel-out--mobile.twite__channel-out--facebook.twite__channel-click-extracted--facebook.twite__list-elements>a.extracted__channel-link.extracted__channel-link--facebook
2019-07-18 17:24:33 [readability.readability] DEBUG: Removing unlikely candidate - a.extracted__channel-link.extracted__channel-link--facebook>span.extracted__icon.extracted__icon--facebook
2019-07-18 17:24:33 [readability.readability] DEBUG: Removing unlikely candidate - span.extracted__icon.extracted__icon--facebook>svg.extracted-svg.ex-facebook
2019-07-18 17:24:33 [readability.readability] DEBUG: Removing unlikely candidate - ul.sharetools>li.twite__channel-out.twite__channel-out--mobile.twite__channel-out--whatsapp.twite__channel-click-extracted--whatsapp.twite__list-elements
2019-07-18 17:24:33 [readability.readability] DEBUG: Removing unlikely candidate - li.twite__channel-out.twite__channel-out--mobile.twite__channel-out--whatsapp.twite__channel-click-extracted--whatsapp.twite__list-elements>a.extracted__channel-link.extracted__channel-link--whatsapp
2019-07-18 17:24:33 [readability.readability] DEBUG: Removing unlikely candidate - a.extracted__channel-link.extracted__channel-link--whatsapp>span.extracted__icon.extracted__icon--whatsapp
2019-07-18 17:24:33 [readability.readability] DEBUG: Removing unlikely candidate - span.extracted__icon.extracted__icon--whatsapp>svg.extracted-svg.ex-whatsapp
2019-07-18 17:24:33 [readability.readability] DEBUG: Removing unlikely candidate - ul.sharetools>li.twite__channel-out.twite__channel-out--mobile.twite__channel-out--messengermobile.twite__channel-click-extracted--messengermobile.twite__list-elements
2019-07-18 17:24:33 [readability.readability] DEBUG: Removing unlikely candidate - li.twite__channel-out.twite__channel-out--mobile.twite__channel-out--messengermobile.twite__channel-click-extracted--messengermobile.twite__list-elements>a.extracted__channel-link.extracted__channel-link--messengermobile
2019-07-18 17:24:33 [readability.readability] DEBUG: Removing unlikely candidate - a.extracted__channel-link.extracted__channel-link--messengermobile>span.extracted__icon.extracted__icon--messengermobile
2019-07-18 17:24:33 [readability.readability] DEBUG: Removing unlikely candidate - span.extracted__icon.extracted__icon--messengermobile>svg.extracted-svg.ex-messengermobile
2019-07-18 17:24:33 [readability.readability] DEBUG: Removing unlikely candidate - ul.sharetools>li.twite__channel-out.twite__channel-out--mobile.twite__channel-out--twitter.twite__channel-click-extracted--twitter.twite__list-elements
2019-07-18 17:24:33 [readability.readability] DEBUG: Removing unlikely candidate - li.twite__channel-out.twite__channel-out--mobile.twite__channel-out--twitter.twite__channel-click-extracted--twitter.twite__list-elements>a.extracted__channel-link.extracted__channel-link--twitter
2019-07-18 17:24:33 [readability.readability] DEBUG: Removing unlikely candidate - a.extracted__channel-link.extracted__channel-link--twitter>span.extracted__icon.extracted__icon--twitter
2019-07-18 17:24:33 [readability.readability] DEBUG: Removing unlikely candidate - span.extracted__icon.extracted__icon--twitter>svg.extracted-svg.ex-twitter
2019-07-18 17:24:33 [readability.readability] DEBUG: Removing unlikely candidate - ul.twite__channels>li.twite__channel.twite__channel--twitter.twite__channel-click--twitter
2019-07-18 17:24:33 [readability.readability] DEBUG: Removing unlikely candidate - a.twite__channel-link>span.twite__icon.twite__icon--twitter
2019-07-18 17:24:33 [readability.readability] DEBUG: Removing unlikely candidate - ul.share__tools.share__tools--lightweight>li.share__tool.share__tool--twitter
2019-07-18 17:24:33 [readability.readability] DEBUG: Removing unlikely candidate - .group.story-alsos.more-on-this-story>.group__header
2019-07-18 17:24:33 [readability.readability] DEBUG: Removing unlikely candidate - .unit__body>.unit__header
2019-07-18 17:24:33 [readability.readability] DEBUG: Removing unlikely candidate - .unit__body>.unit__header
2019-07-18 17:24:33 [readability.readability] DEBUG: Removing unlikely candidate - .unit__body>.unit__header
2019-07-18 17:24:33 [readability.readability] DEBUG: Removing unlikely candidate - .unit__body>.unit__header
2019-07-18 17:24:33 [readability.readability] DEBUG: Removing unlikely candidate - .unit__body>.unit__header
2019-07-18 17:24:33 [readability.readability] DEBUG: Removing unlikely candidate - #site-container>#core-navigation.navigation--footer
2019-07-18 17:24:33 [readability.readability] DEBUG: Removing unlikely candidate - #core-navigation.navigation--footer>h2.navigation--footer__heading
2019-07-18 17:24:33 [readability.readability] DEBUG: Removing unlikely candidate - .direction>#orb-footer.orb-footer
2019-07-18 17:24:33 [readability.readability] DEBUG: Removing unlikely candidate - #orb-aside.orb-nav-sec.b-r.b-g-p>.orb-footer-inner
2019-07-18 17:24:33 [readability.readability] DEBUG: Removing unlikely candidate - .orb-footer-inner>h2.orb-footer-lead
2019-07-18 17:24:33 [readability.readability] DEBUG: Removing unlikely candidate - .orb-footer-inner>.orb-footer-primary-links
2019-07-18 17:24:33 [readability.readability] DEBUG: Removing unlikely candidate - #orb-contentinfo.orb-nav-sec.b-r.b-g-p>.orb-footer-inner
2019-07-18 17:24:33 [readability.readability] DEBUG: Removing unlikely candidate - ul>li.orb-footer-terms
2019-07-18 17:24:33 [readability.readability] DEBUG: Removing unlikely candidate - ul>li.orb-footer-about
2019-07-18 17:24:33 [readability.readability] DEBUG: Removing unlikely candidate - ul>li.orb-footer-privacy
2019-07-18 17:24:33 [readability.readability] DEBUG: Removing unlikely candidate - ul>li.orb-footer-cookies
2019-07-18 17:24:33 [readability.readability] DEBUG: Removing unlikely candidate - ul>li.orb-footer-accessibility
2019-07-18 17:24:33 [readability.readability] DEBUG: Removing unlikely candidate - ul>li.orb-footer-parental
2019-07-18 17:24:33 [readability.readability] DEBUG: Removing unlikely candidate - ul>li.orb-footer-contact
2019-07-18 17:24:33 [readability.readability] DEBUG: Removing unlikely candidate - ul>li.orb-footer-newsletter
2019-07-18 17:24:33 [readability.readability] DEBUG: Removing unlikely candidate - small>span.orb-footer-links
2019-07-18 17:24:33 [readability.readability] DEBUG: Branch 123.590 .story-body>.story-body__inner link density 0.069 -> 115.011
2019-07-18 17:24:33 [readability.readability] DEBUG: Branch 76.795 .column--primary>.story-body link density 0.068 -> 71.575
2019-07-18 17:24:33 [readability.readability] INFO: Top 5 : 115.011 .story-body>.story-body__inner
2019-07-18 17:24:33 [readability.readability] INFO: Top 5 : 71.575 .column--primary>.story-body
2019-07-18 17:24:33 [readability.readability] DEBUG: Removed 115.011 .story-body__inner>#bbccom_mpu_1_2.bbccom_slot.mpu-ad with weight 0 cause it has too short content length 11 without a single image.
2019-07-18 17:24:33 [readability.readability] DEBUG: Removed 115.011 .story-body__inner>#bbccom_mpu_3.bbccom_slot.mpu-ad with weight 0 cause it has too short content length 11 without a single image.
