2019-07-18 17:25:32 [scrapy.utils.log] INFO: Scrapy 1.6.0 started (bot: news_crawler)
2019-07-18 17:25:32 [scrapy.utils.log] INFO: Versions: lxml 4.3.4.0, libxml2 2.9.5, cssselect 1.0.3, parsel 1.5.1, w3lib 1.20.0, Twisted 19.2.1, Python 3.7.2 (tags/v3.7.2:9a3ffc0492, Dec 23 2018, 23:09:28) [MSC v.1916 64 bit (AMD64)], pyOpenSSL 19.0.0 (OpenSSL 1.1.1c  28 May 2019), cryptography 2.7, Platform Windows-10-10.0.18362-SP0
2019-07-18 17:25:32 [scrapy.crawler] INFO: Overridden settings: {'BOT_NAME': 'news_crawler', 'LOG_FILE': 'Log/BBC_crawer_log_20190718172532.log', 'NEWSPIDER_MODULE': 'news_crawler.spiders', 'ROBOTSTXT_OBEY': True, 'SPIDER_MODULES': ['news_crawler.spiders']}
2019-07-18 17:25:32 [scrapy.extensions.telnet] INFO: Telnet Password: bb557291cdaee7f4
2019-07-18 17:25:32 [scrapy.middleware] INFO: Enabled extensions:
['scrapy.extensions.corestats.CoreStats',
 'scrapy.extensions.telnet.TelnetConsole',
 'scrapy.extensions.logstats.LogStats']
2019-07-18 17:25:32 [scrapy.middleware] INFO: Enabled downloader middlewares:
['scrapy.downloadermiddlewares.robotstxt.RobotsTxtMiddleware',
 'scrapy.downloadermiddlewares.httpauth.HttpAuthMiddleware',
 'scrapy.downloadermiddlewares.downloadtimeout.DownloadTimeoutMiddleware',
 'scrapy.downloadermiddlewares.defaultheaders.DefaultHeadersMiddleware',
 'scrapy.downloadermiddlewares.useragent.UserAgentMiddleware',
 'scrapy.downloadermiddlewares.retry.RetryMiddleware',
 'scrapy.downloadermiddlewares.redirect.MetaRefreshMiddleware',
 'scrapy.downloadermiddlewares.httpcompression.HttpCompressionMiddleware',
 'scrapy.downloadermiddlewares.redirect.RedirectMiddleware',
 'scrapy.downloadermiddlewares.cookies.CookiesMiddleware',
 'scrapy.downloadermiddlewares.httpproxy.HttpProxyMiddleware',
 'scrapy.downloadermiddlewares.stats.DownloaderStats']
2019-07-18 17:25:32 [scrapy.middleware] INFO: Enabled spider middlewares:
['scrapy.spidermiddlewares.httperror.HttpErrorMiddleware',
 'scrapy.spidermiddlewares.offsite.OffsiteMiddleware',
 'scrapy.spidermiddlewares.referer.RefererMiddleware',
 'scrapy.spidermiddlewares.urllength.UrlLengthMiddleware',
 'scrapy.spidermiddlewares.depth.DepthMiddleware']
2019-07-18 17:25:33 [scrapy.middleware] INFO: Enabled item pipelines:
['news_crawler.pipelines.NewsCrawlerPipeline',
 'news_crawler.pipelines.NewsTextPipeline',
 'news_crawler.pipelines.DropIfEmptyPipeline',
 'news_crawler.pipelines.DuplicatesPipeline',
 'news_crawler.pipelines.MongoDBPipeline']
2019-07-18 17:25:33 [scrapy.core.engine] INFO: Spider opened
2019-07-18 17:25:33 [scrapy.extensions.logstats] INFO: Crawled 0 pages (at 0 pages/min), scraped 0 items (at 0 items/min)
2019-07-18 17:25:33 [scrapy.extensions.telnet] INFO: Telnet console listening on 127.0.0.1:6023
2019-07-18 17:25:34 [scrapy.core.engine] DEBUG: Crawled (200) <GET https://www.bbc.com/robots.txt> (referer: None)
2019-07-18 17:25:34 [scrapy.downloadermiddlewares.redirect] DEBUG: Redirecting (301) to <GET https://www.bbc.com/vietnamese/business> from <GET https://www.bbc.com/vietnamese/business/>
2019-07-18 17:25:36 [scrapy.core.engine] DEBUG: Crawled (200) <GET https://www.bbc.com/vietnamese/business> (referer: None)
2019-07-18 17:25:36 [scrapy.dupefilters] DEBUG: Filtered duplicate request: <GET https://www.bbc.com/vietnamese/business#orb-footer> - no more duplicates will be shown (see DUPEFILTER_DEBUG to show all duplicates)
2019-07-18 17:25:37 [scrapy.core.engine] DEBUG: Crawled (200) <GET https://www.bbc.com/vietnamese/business#page> (referer: https://www.bbc.com/vietnamese/business)
2019-07-18 17:25:37 [root] INFO: Parsing URL: https://www.bbc.com/vietnamese/business
2019-07-18 17:25:37 [urllib3.connectionpool] DEBUG: Starting new HTTPS connection (1): www.bbc.com:443
2019-07-18 17:25:39 [urllib3.connectionpool] DEBUG: https://www.bbc.com:443 "GET /vietnamese/business HTTP/1.1" 200 30921
2019-07-18 17:25:39 [py.warnings] WARNING: C:\Users\Lumos\AppData\Local\Programs\Python\Python37\lib\site-packages\readability\htmls.py:117: FutureWarning: The behavior of this method will change in future versions. Use specific 'len(elem)' or 'elem is not None' test instead.
  raw_html = str_(tostring(doc.body or doc))

2019-07-18 17:25:39 [readability.readability] DEBUG: Removing unlikely candidate - header#orb-banner>#orb-header.orb-nav-pri.orb-nav-pri-white.orb-nav-empty
2019-07-18 17:25:39 [readability.readability] DEBUG: Removing unlikely candidate - .container-width-only>#bbccom_sponsor_section_1_2_3_4.bbccom_slot
2019-07-18 17:25:39 [readability.readability] DEBUG: Removing unlikely candidate - li.follow-us__list-item.follow-us__list-item--social>a.follow-us__list-item-link.follow-us__list-item-link--twitter
2019-07-18 17:25:39 [readability.readability] DEBUG: Removing unlikely candidate - a.follow-us__list-item-link>span.follow-us__list-item-icon.svg-icon.svg-icon--large.svg-icon--rss
2019-07-18 17:25:39 [readability.readability] DEBUG: Removing unlikely candidate - #site-container>#core-navigation.navigation--footer
2019-07-18 17:25:39 [readability.readability] DEBUG: Removing unlikely candidate - #core-navigation.navigation--footer>h2.navigation--footer__heading
2019-07-18 17:25:39 [readability.readability] DEBUG: Removing unlikely candidate - .direction>#orb-footer.orb-footer
2019-07-18 17:25:39 [readability.readability] DEBUG: Removing unlikely candidate - #orb-aside.orb-nav-sec.b-r.b-g-p>.orb-footer-inner
2019-07-18 17:25:39 [readability.readability] DEBUG: Removing unlikely candidate - .orb-footer-inner>h2.orb-footer-lead
2019-07-18 17:25:39 [readability.readability] DEBUG: Removing unlikely candidate - .orb-footer-inner>.orb-footer-primary-links
2019-07-18 17:25:39 [readability.readability] DEBUG: Removing unlikely candidate - #orb-contentinfo.orb-nav-sec.b-r.b-g-p>.orb-footer-inner
2019-07-18 17:25:39 [readability.readability] DEBUG: Removing unlikely candidate - ul>li.orb-footer-terms
2019-07-18 17:25:39 [readability.readability] DEBUG: Removing unlikely candidate - ul>li.orb-footer-about
2019-07-18 17:25:39 [readability.readability] DEBUG: Removing unlikely candidate - ul>li.orb-footer-privacy
2019-07-18 17:25:39 [readability.readability] DEBUG: Removing unlikely candidate - ul>li.orb-footer-cookies
2019-07-18 17:25:39 [readability.readability] DEBUG: Removing unlikely candidate - ul>li.orb-footer-accessibility
2019-07-18 17:25:39 [readability.readability] DEBUG: Removing unlikely candidate - ul>li.orb-footer-parental
2019-07-18 17:25:39 [readability.readability] DEBUG: Removing unlikely candidate - ul>li.orb-footer-contact
2019-07-18 17:25:39 [readability.readability] DEBUG: Removing unlikely candidate - ul>li.orb-footer-newsletter
2019-07-18 17:25:39 [readability.readability] DEBUG: Removing unlikely candidate - small>span.orb-footer-links
2019-07-18 17:25:39 [readability.readability] DEBUG: Branch 32.950 .eagle-item.faux-block-link>.eagle-item__body link density 0.305 -> 22.906
2019-07-18 17:25:39 [readability.readability] DEBUG: Branch  6.475 .eagle>.eagle-item.faux-block-link link density 0.373 ->  4.059
2019-07-18 17:25:39 [readability.readability] DEBUG: Branch 32.770 .eagle-item.faux-block-link>.eagle-item__body link density 0.349 -> 21.339
2019-07-18 17:25:39 [readability.readability] DEBUG: Branch  6.385 .eagle>.eagle-item.faux-block-link link density 0.415 ->  3.733
2019-07-18 17:25:39 [readability.readability] DEBUG: Branch 34.110 .eagle-item.faux-block-link>.eagle-item__body link density 0.301 -> 23.828
2019-07-18 17:25:39 [readability.readability] DEBUG: Branch  7.055 .eagle>.eagle-item.faux-block-link link density 0.378 ->  4.385
2019-07-18 17:25:39 [readability.readability] DEBUG: Branch 33.230 .eagle-item.faux-block-link>.eagle-item__body link density 0.314 -> 22.782
2019-07-18 17:25:39 [readability.readability] DEBUG: Branch  6.615 .eagle>.eagle-item.faux-block-link link density 0.401 ->  3.965
2019-07-18 17:25:39 [readability.readability] DEBUG: Branch 32.890 .eagle-item.faux-block-link>.eagle-item__body link density 0.369 -> 20.746
2019-07-18 17:25:39 [readability.readability] DEBUG: Branch  6.445 .eagle>.eagle-item.faux-block-link link density 0.449 ->  3.553
2019-07-18 17:25:39 [readability.readability] DEBUG: Branch 36.310 .eagle-item.faux-block-link>.eagle-item__body link density 0.276 -> 26.277
2019-07-18 17:25:39 [readability.readability] DEBUG: Branch  8.155 .eagle>.eagle-item.faux-block-link link density 0.355 ->  5.260
2019-07-18 17:25:39 [readability.readability] DEBUG: Branch 34.310 .eagle-item.faux-block-link>.eagle-item__body link density 0.292 -> 24.297
2019-07-18 17:25:39 [readability.readability] DEBUG: Branch  7.155 .eagle>.eagle-item.faux-block-link link density 0.375 ->  4.469
2019-07-18 17:25:39 [readability.readability] DEBUG: Branch 33.180 .eagle-item.faux-block-link>.eagle-item__body link density 0.359 -> 21.280
2019-07-18 17:25:39 [readability.readability] DEBUG: Branch  6.590 .eagle>.eagle-item.faux-block-link link density 0.453 ->  3.607
2019-07-18 17:25:39 [readability.readability] DEBUG: Branch 32.880 .eagle-item.faux-block-link>.eagle-item__body link density 0.348 -> 21.451
2019-07-18 17:25:39 [readability.readability] DEBUG: Branch  6.440 .eagle>.eagle-item.faux-block-link link density 0.422 ->  3.725
2019-07-18 17:25:39 [readability.readability] DEBUG: Branch 33.220 .eagle-item.faux-block-link>.eagle-item__body link density 0.314 -> 22.775
2019-07-18 17:25:39 [readability.readability] DEBUG: Branch  6.610 .eagle>.eagle-item.faux-block-link link density 0.401 ->  3.962
2019-07-18 17:25:39 [readability.readability] DEBUG: Branch 34.770 .eagle-item.faux-block-link>.eagle-item__body link density 0.337 -> 23.043
2019-07-18 17:25:39 [readability.readability] DEBUG: Branch  7.385 .eagle>.eagle-item.faux-block-link link density 0.401 ->  4.425
2019-07-18 17:25:39 [readability.readability] DEBUG: Branch 34.390 .eagle-item.faux-block-link>.eagle-item__body link density 0.247 -> 25.904
2019-07-18 17:25:39 [readability.readability] DEBUG: Branch  7.195 .eagle>.eagle-item.faux-block-link link density 0.319 ->  4.899
2019-07-18 17:25:39 [readability.readability] DEBUG: Branch 33.920 .eagle-item.faux-block-link>.eagle-item__body link density 0.355 -> 21.867
2019-07-18 17:25:39 [readability.readability] DEBUG: Branch  6.960 .eagle>.eagle-item.faux-block-link link density 0.435 ->  3.935
2019-07-18 17:25:39 [readability.readability] DEBUG: Branch 34.280 .eagle-item.faux-block-link>.eagle-item__body link density 0.309 -> 23.676
2019-07-18 17:25:39 [readability.readability] DEBUG: Branch  7.140 .eagle>.eagle-item.faux-block-link link density 0.397 ->  4.306
2019-07-18 17:25:39 [readability.readability] DEBUG: Branch 34.590 .eagle-item.faux-block-link>.eagle-item__body link density 0.245 -> 26.111
2019-07-18 17:25:39 [readability.readability] DEBUG: Branch  7.295 .eagle>.eagle-item.faux-block-link link density 0.324 ->  4.928
2019-07-18 17:25:39 [readability.readability] DEBUG: Branch 33.130 .eagle-item.faux-block-link>.eagle-item__body link density 0.327 -> 22.287
2019-07-18 17:25:39 [readability.readability] DEBUG: Branch  6.565 .eagle>.eagle-item.faux-block-link link density 0.412 ->  3.858
2019-07-18 17:25:39 [readability.readability] DEBUG: Branch 34.020 .eagle-item.faux-block-link>.eagle-item__body link density 0.335 -> 22.625
2019-07-18 17:25:39 [readability.readability] DEBUG: Branch  7.010 .eagle>.eagle-item.faux-block-link link density 0.416 ->  4.095
2019-07-18 17:25:39 [readability.readability] DEBUG: Branch 35.040 .eagle-item.faux-block-link>.eagle-item__body link density 0.294 -> 24.724
2019-07-18 17:25:39 [readability.readability] DEBUG: Branch  7.520 .eagle>.eagle-item.faux-block-link link density 0.365 ->  4.773
2019-07-18 17:25:39 [readability.readability] DEBUG: Branch 34.380 .eagle-item.faux-block-link>.eagle-item__body link density 0.267 -> 25.202
2019-07-18 17:25:39 [readability.readability] DEBUG: Branch  7.190 .eagle>.eagle-item.faux-block-link link density 0.346 ->  4.702
2019-07-18 17:25:39 [readability.readability] DEBUG: Branch 33.150 .eagle-item.faux-block-link>.eagle-item__body link density 0.332 -> 22.150
2019-07-18 17:25:39 [readability.readability] DEBUG: Branch  6.575 .eagle>.eagle-item.faux-block-link link density 0.419 ->  3.823
2019-07-18 17:25:39 [readability.readability] INFO: Top 5 : 26.277 .eagle-item.faux-block-link>.eagle-item__body
2019-07-18 17:25:39 [readability.readability] INFO: Top 5 : 26.111 .eagle-item.faux-block-link>.eagle-item__body
2019-07-18 17:25:39 [readability.readability] INFO: Top 5 : 25.904 .eagle-item.faux-block-link>.eagle-item__body
2019-07-18 17:25:39 [readability.readability] INFO: Top 5 : 25.202 .eagle-item.faux-block-link>.eagle-item__body
2019-07-18 17:25:39 [readability.readability] INFO: Top 5 : 24.724 .eagle-item.faux-block-link>.eagle-item__body
2019-07-18 17:25:39 [readability.readability] DEBUG: Removed 26.277 .eagle-item__body>ul.mini-info-list with weight 0 cause it has too short content length 19 without a single image.
2019-07-18 17:25:39 [readability.readability] DEBUG: Not removing div{01}>.eagle-item__body of length 208: \n \n \n \n \n Jeff Bezos xây dựng đế ch...
2019-07-18 17:25:39 [readability.readability] DEBUG: Removed  0.000 body>div{01} with weight 0 cause it has too many links 0.303 for its weight 0.
2019-07-18 17:25:39 [readability.readability] DEBUG: Branch 32.950 .eagle-item.faux-block-link>.eagle-item__body link density 0.305 -> 22.906
2019-07-18 17:25:39 [readability.readability] DEBUG: Branch  6.475 .eagle>.eagle-item.faux-block-link link density 0.373 ->  4.059
2019-07-18 17:25:39 [readability.readability] DEBUG: Branch 32.770 .eagle-item.faux-block-link>.eagle-item__body link density 0.349 -> 21.339
2019-07-18 17:25:39 [readability.readability] DEBUG: Branch  6.385 .eagle>.eagle-item.faux-block-link link density 0.415 ->  3.733
2019-07-18 17:25:39 [readability.readability] DEBUG: Branch 34.110 .eagle-item.faux-block-link>.eagle-item__body link density 0.301 -> 23.828
2019-07-18 17:25:39 [readability.readability] DEBUG: Branch  7.055 .eagle>.eagle-item.faux-block-link link density 0.378 ->  4.385
2019-07-18 17:25:39 [readability.readability] DEBUG: Branch 33.230 .eagle-item.faux-block-link>.eagle-item__body link density 0.314 -> 22.782
2019-07-18 17:25:39 [readability.readability] DEBUG: Branch  6.615 .eagle>.eagle-item.faux-block-link link density 0.401 ->  3.965
2019-07-18 17:25:39 [readability.readability] DEBUG: Branch 32.890 .eagle-item.faux-block-link>.eagle-item__body link density 0.369 -> 20.746
2019-07-18 17:25:39 [readability.readability] DEBUG: Branch  6.445 .eagle>.eagle-item.faux-block-link link density 0.449 ->  3.553
2019-07-18 17:25:39 [readability.readability] DEBUG: Branch 36.310 .eagle-item.faux-block-link>.eagle-item__body link density 0.276 -> 26.277
2019-07-18 17:25:39 [readability.readability] DEBUG: Branch  8.155 .eagle>.eagle-item.faux-block-link link density 0.355 ->  5.260
2019-07-18 17:25:39 [readability.readability] DEBUG: Branch 34.310 .eagle-item.faux-block-link>.eagle-item__body link density 0.292 -> 24.297
2019-07-18 17:25:39 [readability.readability] DEBUG: Branch  7.155 .eagle>.eagle-item.faux-block-link link density 0.375 ->  4.469
2019-07-18 17:25:39 [readability.readability] DEBUG: Branch 33.180 .eagle-item.faux-block-link>.eagle-item__body link density 0.359 -> 21.280
2019-07-18 17:25:39 [readability.readability] DEBUG: Branch  6.590 .eagle>.eagle-item.faux-block-link link density 0.453 ->  3.607
2019-07-18 17:25:39 [readability.readability] DEBUG: Branch 32.880 .eagle-item.faux-block-link>.eagle-item__body link density 0.348 -> 21.451
2019-07-18 17:25:39 [readability.readability] DEBUG: Branch  6.440 .eagle>.eagle-item.faux-block-link link density 0.422 ->  3.725
2019-07-18 17:25:39 [readability.readability] DEBUG: Branch 33.220 .eagle-item.faux-block-link>.eagle-item__body link density 0.314 -> 22.775
2019-07-18 17:25:39 [readability.readability] DEBUG: Branch  6.610 .eagle>.eagle-item.faux-block-link link density 0.401 ->  3.962
2019-07-18 17:25:39 [readability.readability] DEBUG: Branch 34.770 .eagle-item.faux-block-link>.eagle-item__body link density 0.337 -> 23.043
2019-07-18 17:25:39 [readability.readability] DEBUG: Branch  7.385 .eagle>.eagle-item.faux-block-link link density 0.401 ->  4.425
2019-07-18 17:25:39 [readability.readability] DEBUG: Branch 34.390 .eagle-item.faux-block-link>.eagle-item__body link density 0.247 -> 25.904
2019-07-18 17:25:39 [readability.readability] DEBUG: Branch  7.195 .eagle>.eagle-item.faux-block-link link density 0.319 ->  4.899
2019-07-18 17:25:39 [readability.readability] DEBUG: Branch 33.920 .eagle-item.faux-block-link>.eagle-item__body link density 0.355 -> 21.867
2019-07-18 17:25:39 [readability.readability] DEBUG: Branch  6.960 .eagle>.eagle-item.faux-block-link link density 0.435 ->  3.935
2019-07-18 17:25:39 [readability.readability] DEBUG: Branch 34.280 .eagle-item.faux-block-link>.eagle-item__body link density 0.309 -> 23.676
2019-07-18 17:25:39 [readability.readability] DEBUG: Branch  7.140 .eagle>.eagle-item.faux-block-link link density 0.397 ->  4.306
2019-07-18 17:25:39 [readability.readability] DEBUG: Branch 34.590 .eagle-item.faux-block-link>.eagle-item__body link density 0.245 -> 26.111
2019-07-18 17:25:39 [readability.readability] DEBUG: Branch  7.295 .eagle>.eagle-item.faux-block-link link density 0.324 ->  4.928
2019-07-18 17:25:39 [readability.readability] DEBUG: Branch 33.130 .eagle-item.faux-block-link>.eagle-item__body link density 0.327 -> 22.287
2019-07-18 17:25:39 [readability.readability] DEBUG: Branch  6.565 .eagle>.eagle-item.faux-block-link link density 0.412 ->  3.858
2019-07-18 17:25:39 [readability.readability] DEBUG: Branch 34.020 .eagle-item.faux-block-link>.eagle-item__body link density 0.335 -> 22.625
2019-07-18 17:25:39 [readability.readability] DEBUG: Branch  7.010 .eagle>.eagle-item.faux-block-link link density 0.416 ->  4.095
2019-07-18 17:25:39 [readability.readability] DEBUG: Branch 35.040 .eagle-item.faux-block-link>.eagle-item__body link density 0.294 -> 24.724
2019-07-18 17:25:39 [readability.readability] DEBUG: Branch  7.520 .eagle>.eagle-item.faux-block-link link density 0.365 ->  4.773
2019-07-18 17:25:39 [readability.readability] DEBUG: Branch 34.380 .eagle-item.faux-block-link>.eagle-item__body link density 0.267 -> 25.202
2019-07-18 17:25:39 [readability.readability] DEBUG: Branch  7.190 .eagle>.eagle-item.faux-block-link link density 0.346 ->  4.702
2019-07-18 17:25:39 [readability.readability] DEBUG: Branch 33.150 .eagle-item.faux-block-link>.eagle-item__body link density 0.332 -> 22.150
2019-07-18 17:25:39 [readability.readability] DEBUG: Branch  6.575 .eagle>.eagle-item.faux-block-link link density 0.419 ->  3.823
2019-07-18 17:25:39 [readability.readability] INFO: Top 5 : 26.277 .eagle-item.faux-block-link>.eagle-item__body
2019-07-18 17:25:39 [readability.readability] INFO: Top 5 : 26.111 .eagle-item.faux-block-link>.eagle-item__body
2019-07-18 17:25:39 [readability.readability] INFO: Top 5 : 25.904 .eagle-item.faux-block-link>.eagle-item__body
2019-07-18 17:25:39 [readability.readability] INFO: Top 5 : 25.202 .eagle-item.faux-block-link>.eagle-item__body
2019-07-18 17:25:39 [readability.readability] INFO: Top 5 : 24.724 .eagle-item.faux-block-link>.eagle-item__body
2019-07-18 17:25:39 [readability.readability] DEBUG: Removed 26.277 .eagle-item__body>ul.mini-info-list with weight 0 cause it has too short content length 19 without a single image.
2019-07-18 17:25:39 [readability.readability] DEBUG: Not removing div{01}>.eagle-item__body of length 208: \n \n \n \n \n Jeff Bezos xây dựng đế ch...
2019-07-18 17:25:39 [readability.readability] DEBUG: Removed  0.000 body>div{01} with weight 0 cause it has too many links 0.303 for its weight 0.
2019-07-18 17:25:39 [scrapy.core.scraper] ERROR: Error processing {'author': b'https://www.facebook.com/bbcnews',
 'newsHeadline': b'Kinh t - BBC News Ting Vit',
 'newsUrl': 'https://www.bbc.com/vietnamese/business'}
Traceback (most recent call last):
  File "C:\Users\Lumos\AppData\Local\Programs\Python\Python37\lib\site-packages\twisted\internet\defer.py", line 654, in _runCallbacks
    current.result = callback(current.result, *args, **kw)
  File "D:\ThanhDu\Data\BBC_NEWS_CRAWLER\news_crawler\pipelines.py", line 134, in process_item
    or (not item['newsText']) or (not item['author'])):
  File "C:\Users\Lumos\AppData\Local\Programs\Python\Python37\lib\site-packages\scrapy\item.py", line 59, in __getitem__
    return self._values[key]
KeyError: 'newsText'
2019-07-18 17:25:39 [scrapy.core.engine] DEBUG: Crawled (200) <GET https://www.bbc.com/vietnamese/business-48881891> (referer: https://www.bbc.com/vietnamese/business)
2019-07-18 17:25:39 [scrapy.core.engine] DEBUG: Crawled (200) <GET https://www.bbc.com/vietnamese/business-48992711> (referer: https://www.bbc.com/vietnamese/business)
2019-07-18 17:25:39 [scrapy.core.engine] DEBUG: Crawled (200) <GET https://www.bbc.com/vietnamese/business-49004126> (referer: https://www.bbc.com/vietnamese/business)
2019-07-18 17:25:39 [root] INFO: Parsing URL: https://www.bbc.com/vietnamese/business-48881891
2019-07-18 17:25:39 [urllib3.connectionpool] DEBUG: Starting new HTTPS connection (1): www.bbc.com:443
2019-07-18 17:25:40 [urllib3.connectionpool] DEBUG: https://www.bbc.com:443 "GET /vietnamese/business-48881891 HTTP/1.1" 200 32903
2019-07-18 17:25:41 [readability.readability] DEBUG: Removing unlikely candidate - header#orb-banner>#orb-header.orb-nav-pri.orb-nav-pri-white.orb-nav-empty
2019-07-18 17:25:41 [readability.readability] DEBUG: Removing unlikely candidate - .container-width-only>#bbccom_sponsor_section_1_2_3_4.bbccom_slot
2019-07-18 17:25:41 [readability.readability] DEBUG: Removing unlikely candidate - .container-width-only>#bbccom_sponsor_section_1_2_3_4.bbccom_slot
2019-07-18 17:25:41 [readability.readability] DEBUG: Removing unlikely candidate - .story-body>.with-extracted-share-icons
2019-07-18 17:25:41 [readability.readability] DEBUG: Removing unlikely candidate - ul.sharetools>li.twite__channel-out.twite__channel-out--desktop.twite__channel-out--facebook.twite__channel-click-extracted--facebook.twite__list-elements
2019-07-18 17:25:41 [readability.readability] DEBUG: Removing unlikely candidate - li.twite__channel-out.twite__channel-out--desktop.twite__channel-out--facebook.twite__channel-click-extracted--facebook.twite__list-elements>a.extracted__channel-link.extracted__channel-link--facebook
2019-07-18 17:25:41 [readability.readability] DEBUG: Removing unlikely candidate - a.extracted__channel-link.extracted__channel-link--facebook>span.extracted__icon.extracted__icon--facebook
2019-07-18 17:25:41 [readability.readability] DEBUG: Removing unlikely candidate - span.extracted__icon.extracted__icon--facebook>svg.extracted-svg.ex-facebook
2019-07-18 17:25:41 [readability.readability] DEBUG: Removing unlikely candidate - ul.sharetools>li.twite__channel-out.twite__channel-out--desktop.twite__channel-out--messengerdesktop.twite__channel-click-extracted--messengerdesktop.twite__list-elements
2019-07-18 17:25:41 [readability.readability] DEBUG: Removing unlikely candidate - li.twite__channel-out.twite__channel-out--desktop.twite__channel-out--messengerdesktop.twite__channel-click-extracted--messengerdesktop.twite__list-elements>a.extracted__channel-link.extracted__channel-link--messengerdesktop
2019-07-18 17:25:41 [readability.readability] DEBUG: Removing unlikely candidate - a.extracted__channel-link.extracted__channel-link--messengerdesktop>span.extracted__icon.extracted__icon--messengerdesktop
2019-07-18 17:25:41 [readability.readability] DEBUG: Removing unlikely candidate - span.extracted__icon.extracted__icon--messengerdesktop>svg.extracted-svg.ex-messengerdesktop
2019-07-18 17:25:41 [readability.readability] DEBUG: Removing unlikely candidate - ul.sharetools>li.twite__channel-out.twite__channel-out--desktop.twite__channel-out--twitter.twite__channel-click-extracted--twitter.twite__list-elements
2019-07-18 17:25:41 [readability.readability] DEBUG: Removing unlikely candidate - li.twite__channel-out.twite__channel-out--desktop.twite__channel-out--twitter.twite__channel-click-extracted--twitter.twite__list-elements>a.extracted__channel-link.extracted__channel-link--twitter
2019-07-18 17:25:41 [readability.readability] DEBUG: Removing unlikely candidate - a.extracted__channel-link.extracted__channel-link--twitter>span.extracted__icon.extracted__icon--twitter
2019-07-18 17:25:41 [readability.readability] DEBUG: Removing unlikely candidate - span.extracted__icon.extracted__icon--twitter>svg.extracted-svg.ex-twitter
2019-07-18 17:25:41 [readability.readability] DEBUG: Removing unlikely candidate - ul.sharetools>li.twite__channel-out.twite__channel-out--desktop.twite__channel-out--email.twite__channel-click-extracted--email.twite__list-elements
2019-07-18 17:25:41 [readability.readability] DEBUG: Removing unlikely candidate - li.twite__channel-out.twite__channel-out--desktop.twite__channel-out--email.twite__channel-click-extracted--email.twite__list-elements>a.extracted__channel-link.extracted__channel-link--email
2019-07-18 17:25:41 [readability.readability] DEBUG: Removing unlikely candidate - a.extracted__channel-link.extracted__channel-link--email>span.extracted__icon.extracted__icon--email
2019-07-18 17:25:41 [readability.readability] DEBUG: Removing unlikely candidate - span.extracted__icon.extracted__icon--email>svg.extracted-svg.ex-email
2019-07-18 17:25:41 [readability.readability] DEBUG: Removing unlikely candidate - ul.sharetools>li.twite__channel-out.twite__channel-out--mobile.twite__channel-out--facebook.twite__channel-click-extracted--facebook.twite__list-elements
2019-07-18 17:25:41 [readability.readability] DEBUG: Removing unlikely candidate - li.twite__channel-out.twite__channel-out--mobile.twite__channel-out--facebook.twite__channel-click-extracted--facebook.twite__list-elements>a.extracted__channel-link.extracted__channel-link--facebook
2019-07-18 17:25:41 [readability.readability] DEBUG: Removing unlikely candidate - a.extracted__channel-link.extracted__channel-link--facebook>span.extracted__icon.extracted__icon--facebook
2019-07-18 17:25:41 [readability.readability] DEBUG: Removing unlikely candidate - span.extracted__icon.extracted__icon--facebook>svg.extracted-svg.ex-facebook
2019-07-18 17:25:41 [readability.readability] DEBUG: Removing unlikely candidate - ul.sharetools>li.twite__channel-out.twite__channel-out--mobile.twite__channel-out--whatsapp.twite__channel-click-extracted--whatsapp.twite__list-elements
2019-07-18 17:25:41 [readability.readability] DEBUG: Removing unlikely candidate - li.twite__channel-out.twite__channel-out--mobile.twite__channel-out--whatsapp.twite__channel-click-extracted--whatsapp.twite__list-elements>a.extracted__channel-link.extracted__channel-link--whatsapp
2019-07-18 17:25:41 [readability.readability] DEBUG: Removing unlikely candidate - a.extracted__channel-link.extracted__channel-link--whatsapp>span.extracted__icon.extracted__icon--whatsapp
2019-07-18 17:25:41 [readability.readability] DEBUG: Removing unlikely candidate - span.extracted__icon.extracted__icon--whatsapp>svg.extracted-svg.ex-whatsapp
2019-07-18 17:25:41 [readability.readability] DEBUG: Removing unlikely candidate - ul.sharetools>li.twite__channel-out.twite__channel-out--mobile.twite__channel-out--messengermobile.twite__channel-click-extracted--messengermobile.twite__list-elements
2019-07-18 17:25:41 [readability.readability] DEBUG: Removing unlikely candidate - li.twite__channel-out.twite__channel-out--mobile.twite__channel-out--messengermobile.twite__channel-click-extracted--messengermobile.twite__list-elements>a.extracted__channel-link.extracted__channel-link--messengermobile
2019-07-18 17:25:41 [readability.readability] DEBUG: Removing unlikely candidate - a.extracted__channel-link.extracted__channel-link--messengermobile>span.extracted__icon.extracted__icon--messengermobile
2019-07-18 17:25:41 [readability.readability] DEBUG: Removing unlikely candidate - span.extracted__icon.extracted__icon--messengermobile>svg.extracted-svg.ex-messengermobile
2019-07-18 17:25:41 [readability.readability] DEBUG: Removing unlikely candidate - ul.sharetools>li.twite__channel-out.twite__channel-out--mobile.twite__channel-out--twitter.twite__channel-click-extracted--twitter.twite__list-elements
2019-07-18 17:25:41 [readability.readability] DEBUG: Removing unlikely candidate - li.twite__channel-out.twite__channel-out--mobile.twite__channel-out--twitter.twite__channel-click-extracted--twitter.twite__list-elements>a.extracted__channel-link.extracted__channel-link--twitter
2019-07-18 17:25:41 [readability.readability] DEBUG: Removing unlikely candidate - a.extracted__channel-link.extracted__channel-link--twitter>span.extracted__icon.extracted__icon--twitter
2019-07-18 17:25:41 [readability.readability] DEBUG: Removing unlikely candidate - span.extracted__icon.extracted__icon--twitter>svg.extracted-svg.ex-twitter
2019-07-18 17:25:41 [readability.readability] DEBUG: Removing unlikely candidate - ul.twite__channels>li.twite__channel.twite__channel--twitter.twite__channel-click--twitter
2019-07-18 17:25:41 [readability.readability] DEBUG: Removing unlikely candidate - a.twite__channel-link>span.twite__icon.twite__icon--twitter
2019-07-18 17:25:41 [readability.readability] DEBUG: Removing unlikely candidate - ul.share__tools.share__tools--lightweight>li.share__tool.share__tool--twitter
2019-07-18 17:25:41 [readability.readability] DEBUG: Removing unlikely candidate - .group.story-alsos.more-on-this-story>.group__header
2019-07-18 17:25:41 [readability.readability] DEBUG: Removing unlikely candidate - .unit__body>.unit__header
2019-07-18 17:25:41 [readability.readability] DEBUG: Removing unlikely candidate - .unit__body>.unit__header
2019-07-18 17:25:41 [readability.readability] DEBUG: Removing unlikely candidate - #site-container>#core-navigation.navigation--footer
2019-07-18 17:25:41 [readability.readability] DEBUG: Removing unlikely candidate - #core-navigation.navigation--footer>h2.navigation--footer__heading
2019-07-18 17:25:41 [readability.readability] DEBUG: Removing unlikely candidate - .direction>#orb-footer.orb-footer
2019-07-18 17:25:41 [readability.readability] DEBUG: Removing unlikely candidate - #orb-aside.orb-nav-sec.b-r.b-g-p>.orb-footer-inner
2019-07-18 17:25:41 [readability.readability] DEBUG: Removing unlikely candidate - .orb-footer-inner>h2.orb-footer-lead
2019-07-18 17:25:41 [readability.readability] DEBUG: Removing unlikely candidate - .orb-footer-inner>.orb-footer-primary-links
2019-07-18 17:25:41 [readability.readability] DEBUG: Removing unlikely candidate - #orb-contentinfo.orb-nav-sec.b-r.b-g-p>.orb-footer-inner
2019-07-18 17:25:41 [readability.readability] DEBUG: Removing unlikely candidate - ul>li.orb-footer-terms
2019-07-18 17:25:41 [readability.readability] DEBUG: Removing unlikely candidate - ul>li.orb-footer-about
2019-07-18 17:25:41 [readability.readability] DEBUG: Removing unlikely candidate - ul>li.orb-footer-privacy
2019-07-18 17:25:41 [readability.readability] DEBUG: Removing unlikely candidate - ul>li.orb-footer-cookies
2019-07-18 17:25:41 [readability.readability] DEBUG: Removing unlikely candidate - ul>li.orb-footer-accessibility
2019-07-18 17:25:41 [readability.readability] DEBUG: Removing unlikely candidate - ul>li.orb-footer-parental
2019-07-18 17:25:41 [readability.readability] DEBUG: Removing unlikely candidate - ul>li.orb-footer-contact
2019-07-18 17:25:41 [readability.readability] DEBUG: Removing unlikely candidate - ul>li.orb-footer-newsletter
2019-07-18 17:25:41 [readability.readability] DEBUG: Removing unlikely candidate - small>span.orb-footer-links
2019-07-18 17:25:41 [readability.readability] DEBUG: Branch 122.910 .story-body>.story-body__inner link density 0.018 -> 120.716
2019-07-18 17:25:41 [readability.readability] DEBUG: Branch 76.455 .column--primary>.story-body link density 0.017 -> 75.128
2019-07-18 17:25:41 [readability.readability] INFO: Top 5 : 120.716 .story-body>.story-body__inner
2019-07-18 17:25:41 [readability.readability] INFO: Top 5 : 75.128 .column--primary>.story-body
2019-07-18 17:25:41 [readability.readability] DEBUG: Removed 120.716 .story-body__inner>#bbccom_mpu_1_2.bbccom_slot.mpu-ad with weight 0 cause it has too short content length 11 without a single image.
2019-07-18 17:25:41 [readability.readability] DEBUG: Removed 120.716 .story-body__inner>#bbccom_mpu_3.bbccom_slot.mpu-ad with weight 0 cause it has too short content length 11 without a single image.
2019-07-18 17:29:54 [root] INFO: News Article inserted to MongoDB database!
2019-07-18 17:29:54 [scrapy.core.scraper] DEBUG: Scraped from <200 https://www.bbc.com/vietnamese/business-48881891>
{'author': b'https://www.facebook.com/bbcnews',
 'newsHeadline': b'Con ng gip dn qu thnh ngi sao video trn mng - BBC News Ting '
                 b'Vit',
 'newsText': ' Từ năm ngoái, hai người đàn ông ở tỉnh Giang Tây trở thành cơn '
             'sốt video trên mạng Trung Quốc - nhờ ăn thịt chuột. Việt Nam '
             'cảnh cáo vi phạm luật trên YouTube Liu Suliang, 29 tuổi, và Hu '
             'Yueqing nuôi chuột ăn tre nứa, và làm các video ngắn mô tả cách '
             'ăn thịt chuột. Họ mở tài khoản trên mạng Bilibili cuối tháng '
             '8/2018. Chưa đầy một tháng, họ đã có 850.000 fan, và nay là hơn '
             '3 triệu fan. Video ngắn đang là cơn sốt tại Trung Quốc. Sau khi '
             'điên đảo với các Vlogger bàn chuyện xã hội, các cô gái đẹp hát '
             "múa, thì nay mạng xã hội Trung Quốc đang say mê các người 'dân "
             "quê' từ nông thôn làm video kể về đời sống thường nhật của họ. "
             'Trong video, Liu là người kể chuyện, còn quay phim là Hu. Họ '
             'thường quay trong hai ngày, và bỏ ra 5 tiếng để biên tập video '
             'dài khoảng 5 phút. Trước 2014, Hu, giống như hàng triệu người '
             'dân nông thôn, tìm tới thành phố Thâm Quyên, làm công nhân lắp '
             'ráp điện thoại. Tiền không đủ, Hu trở về quê bán thuốc đông y. '
             'Năm 2017, Hu phát hiện việc live stream trên mạng đem lại tiền '
             'bạc. Và từ đó, sự hợp tác với Liu bắt đầu. Một người khác, Geng '
             'Shuai, trở nên nổi tiếng theo cách mà anh ta không ngờ tới. Geng '
             'Shuai làm một vỏ điện thoại hình con dao, và trình bày cách dùng '
             'nó trên mạng Kuaishou. Dân mạng cười rũ rượi vì coi đây là thứ '
             'sản phẩm ngớ ngẩn, không ai mua. Nhưng cực kỳ đông người vào xem '
             'video của Geng. Phát hiện ra điểm này, Geng tiếp tục trình diễn '
             'các sản phẩm vô dụng, và càng đông người vào xem. Các fan van '
             'xin Geng từ nay đừng bao giờ làm sản phẩm gì có ích, cứ làm '
             'những thứ quái gở, vô dụng. Geng Shuai đang rất nổi tiếng, và '
             'kiếm được tiền nhờ cách này. Gần đây, các mạng chia sẻ video '
             'Trung Quốc như Xigua, Kuaishou và trang thương mại điện tử '
             'Taobao đã hợp tác với chính quyền địa phương mở các chiến dịch '
             'live stream. Mục đích là giúp những người làm nội dung ở nông '
             'thôn có thể bán hàng. Truyền thông nói Gan Youqin, một chủ nhà '
             'vườn, đã làm các video ngắn về hoạt động nuôi trồng hàng ngày. '
             'Bằng cách đưa sản phẩm của nông dân lên mạng, Gan Youqin đã giúp '
             'bán tám triệu ký vải và nhãn. Không ai biết liệu hiện tượng nông '
             'dân làm video sẽ kéo dài bao lâu, nhưng ít nhất nó cho thấy công '
             'nghệ có thể giúp người chân lấm tay bùn giàu lên như thế nào. ',
 'newsUrl': 'https://www.bbc.com/vietnamese/business-48881891'}
2019-07-18 17:29:54 [scrapy.core.engine] DEBUG: Crawled (200) <GET https://www.bbc.com/vietnamese/business-48843292> (referer: https://www.bbc.com/vietnamese/business)
2019-07-18 17:29:54 [scrapy.core.engine] DEBUG: Crawled (200) <GET https://www.bbc.com/vietnamese/business-48908528> (referer: https://www.bbc.com/vietnamese/business)
2019-07-18 17:29:54 [scrapy.core.engine] DEBUG: Crawled (200) <GET https://www.bbc.com/vietnamese/business-48785601> (referer: https://www.bbc.com/vietnamese/business)
2019-07-18 17:29:54 [scrapy.core.engine] DEBUG: Crawled (200) <GET https://www.bbc.com/vietnamese/business-48868388> (referer: https://www.bbc.com/vietnamese/business)
2019-07-18 17:29:54 [scrapy.core.engine] DEBUG: Crawled (200) <GET https://www.bbc.com/vietnamese/business-48928414> (referer: https://www.bbc.com/vietnamese/business)
2019-07-18 17:29:54 [scrapy.core.engine] DEBUG: Crawled (200) <GET https://www.bbc.com/vietnamese/business-48817562> (referer: https://www.bbc.com/vietnamese/business)
2019-07-18 17:29:54 [scrapy.core.engine] DEBUG: Crawled (200) <GET https://www.bbc.com/vietnamese/business-48730592> (referer: https://www.bbc.com/vietnamese/business)
2019-07-18 17:29:54 [scrapy.core.engine] DEBUG: Crawled (200) <GET https://www.bbc.com/vietnamese/business-48891560> (referer: https://www.bbc.com/vietnamese/business)
2019-07-18 17:29:54 [root] INFO: Parsing URL: https://www.bbc.com/vietnamese/business-48992711
2019-07-18 17:29:54 [urllib3.connectionpool] DEBUG: Starting new HTTPS connection (1): www.bbc.com:443
2019-07-18 17:29:56 [urllib3.connectionpool] DEBUG: https://www.bbc.com:443 "GET /vietnamese/business-48992711 HTTP/1.1" 200 33455
2019-07-18 17:29:57 [readability.readability] DEBUG: Removing unlikely candidate - header#orb-banner>#orb-header.orb-nav-pri.orb-nav-pri-white.orb-nav-empty
2019-07-18 17:29:57 [readability.readability] DEBUG: Removing unlikely candidate - .container-width-only>#bbccom_sponsor_section_1_2_3_4.bbccom_slot
2019-07-18 17:29:57 [readability.readability] DEBUG: Removing unlikely candidate - .container-width-only>#bbccom_sponsor_section_1_2_3_4.bbccom_slot
2019-07-18 17:29:57 [readability.readability] DEBUG: Removing unlikely candidate - .story-body>.with-extracted-share-icons
2019-07-18 17:29:57 [readability.readability] DEBUG: Removing unlikely candidate - ul.sharetools>li.twite__channel-out.twite__channel-out--desktop.twite__channel-out--facebook.twite__channel-click-extracted--facebook.twite__list-elements
2019-07-18 17:29:57 [readability.readability] DEBUG: Removing unlikely candidate - li.twite__channel-out.twite__channel-out--desktop.twite__channel-out--facebook.twite__channel-click-extracted--facebook.twite__list-elements>a.extracted__channel-link.extracted__channel-link--facebook
2019-07-18 17:29:57 [readability.readability] DEBUG: Removing unlikely candidate - a.extracted__channel-link.extracted__channel-link--facebook>span.extracted__icon.extracted__icon--facebook
2019-07-18 17:29:57 [readability.readability] DEBUG: Removing unlikely candidate - span.extracted__icon.extracted__icon--facebook>svg.extracted-svg.ex-facebook
2019-07-18 17:29:57 [readability.readability] DEBUG: Removing unlikely candidate - ul.sharetools>li.twite__channel-out.twite__channel-out--desktop.twite__channel-out--messengerdesktop.twite__channel-click-extracted--messengerdesktop.twite__list-elements
2019-07-18 17:29:57 [readability.readability] DEBUG: Removing unlikely candidate - li.twite__channel-out.twite__channel-out--desktop.twite__channel-out--messengerdesktop.twite__channel-click-extracted--messengerdesktop.twite__list-elements>a.extracted__channel-link.extracted__channel-link--messengerdesktop
2019-07-18 17:29:57 [readability.readability] DEBUG: Removing unlikely candidate - a.extracted__channel-link.extracted__channel-link--messengerdesktop>span.extracted__icon.extracted__icon--messengerdesktop
2019-07-18 17:29:57 [readability.readability] DEBUG: Removing unlikely candidate - span.extracted__icon.extracted__icon--messengerdesktop>svg.extracted-svg.ex-messengerdesktop
2019-07-18 17:29:57 [readability.readability] DEBUG: Removing unlikely candidate - ul.sharetools>li.twite__channel-out.twite__channel-out--desktop.twite__channel-out--twitter.twite__channel-click-extracted--twitter.twite__list-elements
2019-07-18 17:29:57 [readability.readability] DEBUG: Removing unlikely candidate - li.twite__channel-out.twite__channel-out--desktop.twite__channel-out--twitter.twite__channel-click-extracted--twitter.twite__list-elements>a.extracted__channel-link.extracted__channel-link--twitter
2019-07-18 17:29:57 [readability.readability] DEBUG: Removing unlikely candidate - a.extracted__channel-link.extracted__channel-link--twitter>span.extracted__icon.extracted__icon--twitter
2019-07-18 17:29:57 [readability.readability] DEBUG: Removing unlikely candidate - span.extracted__icon.extracted__icon--twitter>svg.extracted-svg.ex-twitter
2019-07-18 17:29:57 [readability.readability] DEBUG: Removing unlikely candidate - ul.sharetools>li.twite__channel-out.twite__channel-out--desktop.twite__channel-out--email.twite__channel-click-extracted--email.twite__list-elements
2019-07-18 17:29:57 [readability.readability] DEBUG: Removing unlikely candidate - li.twite__channel-out.twite__channel-out--desktop.twite__channel-out--email.twite__channel-click-extracted--email.twite__list-elements>a.extracted__channel-link.extracted__channel-link--email
2019-07-18 17:29:57 [readability.readability] DEBUG: Removing unlikely candidate - a.extracted__channel-link.extracted__channel-link--email>span.extracted__icon.extracted__icon--email
2019-07-18 17:29:57 [readability.readability] DEBUG: Removing unlikely candidate - span.extracted__icon.extracted__icon--email>svg.extracted-svg.ex-email
2019-07-18 17:29:57 [readability.readability] DEBUG: Removing unlikely candidate - ul.sharetools>li.twite__channel-out.twite__channel-out--mobile.twite__channel-out--facebook.twite__channel-click-extracted--facebook.twite__list-elements
2019-07-18 17:29:57 [readability.readability] DEBUG: Removing unlikely candidate - li.twite__channel-out.twite__channel-out--mobile.twite__channel-out--facebook.twite__channel-click-extracted--facebook.twite__list-elements>a.extracted__channel-link.extracted__channel-link--facebook
2019-07-18 17:29:57 [readability.readability] DEBUG: Removing unlikely candidate - a.extracted__channel-link.extracted__channel-link--facebook>span.extracted__icon.extracted__icon--facebook
2019-07-18 17:29:57 [readability.readability] DEBUG: Removing unlikely candidate - span.extracted__icon.extracted__icon--facebook>svg.extracted-svg.ex-facebook
2019-07-18 17:29:57 [readability.readability] DEBUG: Removing unlikely candidate - ul.sharetools>li.twite__channel-out.twite__channel-out--mobile.twite__channel-out--whatsapp.twite__channel-click-extracted--whatsapp.twite__list-elements
2019-07-18 17:29:57 [readability.readability] DEBUG: Removing unlikely candidate - li.twite__channel-out.twite__channel-out--mobile.twite__channel-out--whatsapp.twite__channel-click-extracted--whatsapp.twite__list-elements>a.extracted__channel-link.extracted__channel-link--whatsapp
2019-07-18 17:29:57 [readability.readability] DEBUG: Removing unlikely candidate - a.extracted__channel-link.extracted__channel-link--whatsapp>span.extracted__icon.extracted__icon--whatsapp
2019-07-18 17:29:57 [readability.readability] DEBUG: Removing unlikely candidate - span.extracted__icon.extracted__icon--whatsapp>svg.extracted-svg.ex-whatsapp
2019-07-18 17:29:57 [readability.readability] DEBUG: Removing unlikely candidate - ul.sharetools>li.twite__channel-out.twite__channel-out--mobile.twite__channel-out--messengermobile.twite__channel-click-extracted--messengermobile.twite__list-elements
2019-07-18 17:29:57 [readability.readability] DEBUG: Removing unlikely candidate - li.twite__channel-out.twite__channel-out--mobile.twite__channel-out--messengermobile.twite__channel-click-extracted--messengermobile.twite__list-elements>a.extracted__channel-link.extracted__channel-link--messengermobile
2019-07-18 17:29:57 [readability.readability] DEBUG: Removing unlikely candidate - a.extracted__channel-link.extracted__channel-link--messengermobile>span.extracted__icon.extracted__icon--messengermobile
2019-07-18 17:29:57 [readability.readability] DEBUG: Removing unlikely candidate - span.extracted__icon.extracted__icon--messengermobile>svg.extracted-svg.ex-messengermobile
2019-07-18 17:29:57 [readability.readability] DEBUG: Removing unlikely candidate - ul.sharetools>li.twite__channel-out.twite__channel-out--mobile.twite__channel-out--twitter.twite__channel-click-extracted--twitter.twite__list-elements
2019-07-18 17:29:57 [readability.readability] DEBUG: Removing unlikely candidate - li.twite__channel-out.twite__channel-out--mobile.twite__channel-out--twitter.twite__channel-click-extracted--twitter.twite__list-elements>a.extracted__channel-link.extracted__channel-link--twitter
2019-07-18 17:29:57 [readability.readability] DEBUG: Removing unlikely candidate - a.extracted__channel-link.extracted__channel-link--twitter>span.extracted__icon.extracted__icon--twitter
2019-07-18 17:29:57 [readability.readability] DEBUG: Removing unlikely candidate - span.extracted__icon.extracted__icon--twitter>svg.extracted-svg.ex-twitter
2019-07-18 17:29:57 [readability.readability] DEBUG: Removing unlikely candidate - ul.twite__channels>li.twite__channel.twite__channel--twitter.twite__channel-click--twitter
2019-07-18 17:29:57 [readability.readability] DEBUG: Removing unlikely candidate - a.twite__channel-link>span.twite__icon.twite__icon--twitter
2019-07-18 17:29:57 [readability.readability] DEBUG: Removing unlikely candidate - ul.share__tools.share__tools--lightweight>li.share__tool.share__tool--twitter
2019-07-18 17:29:57 [readability.readability] DEBUG: Removing unlikely candidate - .group.story-alsos.more-on-this-story>.group__header
2019-07-18 17:29:57 [readability.readability] DEBUG: Removing unlikely candidate - .unit__body>.unit__header
2019-07-18 17:29:57 [readability.readability] DEBUG: Removing unlikely candidate - .unit__body>.unit__header
2019-07-18 17:29:57 [readability.readability] DEBUG: Removing unlikely candidate - #site-container>#core-navigation.navigation--footer
2019-07-18 17:29:57 [readability.readability] DEBUG: Removing unlikely candidate - #core-navigation.navigation--footer>h2.navigation--footer__heading
2019-07-18 17:29:57 [readability.readability] DEBUG: Removing unlikely candidate - .direction>#orb-footer.orb-footer
2019-07-18 17:29:57 [readability.readability] DEBUG: Removing unlikely candidate - #orb-aside.orb-nav-sec.b-r.b-g-p>.orb-footer-inner
2019-07-18 17:29:57 [readability.readability] DEBUG: Removing unlikely candidate - .orb-footer-inner>h2.orb-footer-lead
2019-07-18 17:29:57 [readability.readability] DEBUG: Removing unlikely candidate - .orb-footer-inner>.orb-footer-primary-links
2019-07-18 17:29:57 [readability.readability] DEBUG: Removing unlikely candidate - #orb-contentinfo.orb-nav-sec.b-r.b-g-p>.orb-footer-inner
2019-07-18 17:29:57 [readability.readability] DEBUG: Removing unlikely candidate - ul>li.orb-footer-terms
2019-07-18 17:29:57 [readability.readability] DEBUG: Removing unlikely candidate - ul>li.orb-footer-about
2019-07-18 17:29:57 [readability.readability] DEBUG: Removing unlikely candidate - ul>li.orb-footer-privacy
2019-07-18 17:29:57 [readability.readability] DEBUG: Removing unlikely candidate - ul>li.orb-footer-cookies
2019-07-18 17:29:57 [readability.readability] DEBUG: Removing unlikely candidate - ul>li.orb-footer-accessibility
2019-07-18 17:29:57 [readability.readability] DEBUG: Removing unlikely candidate - ul>li.orb-footer-parental
2019-07-18 17:29:57 [readability.readability] DEBUG: Removing unlikely candidate - ul>li.orb-footer-contact
2019-07-18 17:29:57 [readability.readability] DEBUG: Removing unlikely candidate - ul>li.orb-footer-newsletter
2019-07-18 17:29:57 [readability.readability] DEBUG: Removing unlikely candidate - small>span.orb-footer-links
2019-07-18 17:29:57 [readability.readability] DEBUG: Branch 133.190 .story-body>.story-body__inner link density 0.044 -> 127.273
2019-07-18 17:29:57 [readability.readability] DEBUG: Branch 81.595 .column--primary>.story-body link density 0.044 -> 78.043
2019-07-18 17:29:57 [readability.readability] INFO: Top 5 : 127.273 .story-body>.story-body__inner
2019-07-18 17:29:57 [readability.readability] INFO: Top 5 : 78.043 .column--primary>.story-body
2019-07-18 17:29:57 [readability.readability] DEBUG: Removed 127.273 .story-body__inner>#bbccom_mpu_1_2.bbccom_slot.mpu-ad with weight 0 cause it has too short content length 11 without a single image.
2019-07-18 17:29:57 [readability.readability] DEBUG: Removed 127.273 .story-body__inner>#bbccom_mpu_3.bbccom_slot.mpu-ad with weight 0 cause it has too short content length 11 without a single image.
2019-07-18 17:31:28 [root] INFO: News Article inserted to MongoDB database!
2019-07-18 17:31:28 [scrapy.core.scraper] DEBUG: Scraped from <200 https://www.bbc.com/vietnamese/business-48992711>
{'author': b'https://www.facebook.com/bbcnews',
 'newsHeadline': b'Vinhomes: Lnh o lin tc thay i v p lc cng vic? - BBC News Tin'
                 b'g Vit',
 'newsText': ' Vinhomes, thuộc tập đoàn Vingroup, có một loạt thay đổi các vị '
             'trí quản l\u200eý chủ chốt trong vòng nửa năm. Công ty Cổ phần '
             'Vinhomes hôm 15/07 ra quyết định miễn nhiệm chức danh Phó Tổng '
             'Giám đốc thường trực đối với bà Đào Thị Thiên Hương. Bà Hương '
             'được bổ nhiệm vào vị trí này từ tháng 1 năm nay, tức là mới ngồi '
             'ghế này được khoảng 6 tháng, thay cho ông Phạm Thiếu Hoa. Bà '
             'Hương được mô tả là từng giữ các vị trí quan trọng liên quan '
             'lĩnh vực tài chính, kiểm toán trong các doanh nghiệp lớn như '
             'Vietjet Air, Tập đoàn Sovico, Công ty kiểm toán PwC. Hồi tháng 5 '
             'năm nay, Vinhomes thay Tổng giám đốc (CEO) bà Lưu Thị Ánh Xuân '
             'chỉ sau hơn 3 tháng bà được bổ nhiệm vào ghế này với nhiệm kỳ 5 '
             'năm. Được chọn thay bà Ánh Xuân khi đó là ông Phạm Thiếu Hoa, '
             'người được mô tả là đã gắn bó với tỷ phú Phạm Nhật Vượng từ thời '
             'khởi nghiệp ở Đông Âu. Hồi tháng 2 năm nay, bà Ánh Xuân được '
             'được Vinhomes bổ nhiệm vào vị trí này là thay cho bà Nguyễn Diệu '
             'Linh, người đảm nhiệm ghế Chủ tịch HĐQT, thay thế tỷ phú Phạm '
             'Nhật Vượng. Như vậy là trong vòng khoảng nửa năm qua, Công ty Cổ '
             'phần Vinhomes, đã có một loạt thay đổi nhân sự cấp cao. Vingroup '
             'và tỉ phú Phạm Nhật Vượng: Ngưỡng mộ, lo ngại Vinfast và hình '
             'ảnh quốc gia Thủ tướng Việt Nam thăm kỳ tích ô tô VinFast Thông '
             'tin giới thiệu về Vinhomes nói những nhân vật kể trên trong bộ '
             'máy điều hành Vinhomes này đều đã có khoảng 15 năm kinh nghiệm '
             'làm việc cho Vingroup. Một số nhà quan sát mô tả Vingroup trả '
             'lương cao hẳn mặt bằng thị trường để mướn người có năng lực. '
             'Nhưng mặt khác, nhân sự tại đây cũng chịu áp lực công việc nặng '
             'nề, tương ứng với mức lương cao mà họ nhận. Trong tháng này, Tập '
             'đoàn Vingroup thông báo về kế hoạch thành lập hãng hàng không '
             'Vinpearl Air, một trong ít nhất bốn đơn vị được mô tả là đang '
             'xếp hàng chờ cấp phép bay kể cả Thiên Minh, Vietstar và '
             'Vietravel Airlines. Một nguồn muốn ẩn danh của Vietnam Airlines '
             'nói với BBC rằng Vingroup đã bắt đầu chào thu nhập cao gấp đôi '
             'gấp ba cho các vị trí chuyên viên cấp quản l\u200eý của hãng '
             'Hàng không Quốc gia để chuẩn bị về nhân sự. Vào đầu tháng này, '
             'Hãng xếp hạng tín nhiệm Fitch Ratings cho biết ngừng đánh giá '
             'với Vingroup vì tập đoàn tư nhân Việt Nam dừng tham gia vào quá '
             'trình đánh giá. Trong một diễn biến độc lập, vào tháng Sáu, báo '
             'The Financial Times có bài viết về tập đoàn tư nhân đa lĩnh vực '
             'hàng đầu của Việt Nam, trong đó, ký giả chuyên về Đông Nam Á '
             'John Reed, trưởng văn phòng Bangkok của tờ báo Anh, gọi Vingroup '
             'là một đế chế đang trỗi dậy nhưng cũng hàm chứa nhiều dấu hỏi về '
             'sự cất cánh này. Bài báo được ra chưa đầy hai tuần sau khi '
             'truyền thông trong nước tràn ngập hình ảnh giới lãnh đạo Việt '
             'Nam thăm Nhà máy sản xuất ô tô VinFast trong sự kiện khánh thành '
             'sau hơn 20 tháng xây dựng. Thủ tướng Nguyễn Xuân Phúc được dẫn '
             'lời nói tại sự kiện này rằng Xây dựng được những thương hiệu '
             'Việt mạnh chính là phát huy mạnh mẽ lòng yêu nước, ý chí tự lực, '
             'tự cường, tự tôn dân tộc và xây dựng văn hóa tiêu dùng của người '
             'Việt Nam. Tác giả John Reed từ Financial Times mô tả điều ông '
             'gọi là VinFast đang đặt cược là vài triệu người trong dân số 100 '
             'triệu người Việt Nam sẽ sớm đặt mua những chiếc xe hơi đầu tiên '
             'của họ. ',
 'newsUrl': 'https://www.bbc.com/vietnamese/business-48992711'}
2019-07-18 17:31:28 [scrapy.extensions.logstats] INFO: Crawled 14 pages (at 14 pages/min), scraped 2 items (at 2 items/min)
2019-07-18 17:31:28 [root] INFO: Parsing URL: https://www.bbc.com/vietnamese/business-49004126
2019-07-18 17:31:28 [urllib3.connectionpool] DEBUG: Starting new HTTPS connection (1): www.bbc.com:443
2019-07-18 17:31:29 [urllib3.connectionpool] DEBUG: https://www.bbc.com:443 "GET /vietnamese/business-49004126 HTTP/1.1" 200 36242
2019-07-18 17:31:29 [readability.readability] DEBUG: Removing unlikely candidate - header#orb-banner>#orb-header.orb-nav-pri.orb-nav-pri-white.orb-nav-empty
2019-07-18 17:31:29 [readability.readability] DEBUG: Removing unlikely candidate - .container-width-only>#bbccom_sponsor_section_1_2_3_4.bbccom_slot
2019-07-18 17:31:29 [readability.readability] DEBUG: Removing unlikely candidate - .container-width-only>#bbccom_sponsor_section_1_2_3_4.bbccom_slot
2019-07-18 17:31:29 [readability.readability] DEBUG: Removing unlikely candidate - .story-body>.with-extracted-share-icons
2019-07-18 17:31:29 [readability.readability] DEBUG: Removing unlikely candidate - ul.sharetools>li.twite__channel-out.twite__channel-out--desktop.twite__channel-out--facebook.twite__channel-click-extracted--facebook.twite__list-elements
2019-07-18 17:31:29 [readability.readability] DEBUG: Removing unlikely candidate - li.twite__channel-out.twite__channel-out--desktop.twite__channel-out--facebook.twite__channel-click-extracted--facebook.twite__list-elements>a.extracted__channel-link.extracted__channel-link--facebook
2019-07-18 17:31:29 [readability.readability] DEBUG: Removing unlikely candidate - a.extracted__channel-link.extracted__channel-link--facebook>span.extracted__icon.extracted__icon--facebook
2019-07-18 17:31:29 [readability.readability] DEBUG: Removing unlikely candidate - span.extracted__icon.extracted__icon--facebook>svg.extracted-svg.ex-facebook
2019-07-18 17:31:29 [readability.readability] DEBUG: Removing unlikely candidate - ul.sharetools>li.twite__channel-out.twite__channel-out--desktop.twite__channel-out--messengerdesktop.twite__channel-click-extracted--messengerdesktop.twite__list-elements
2019-07-18 17:31:29 [readability.readability] DEBUG: Removing unlikely candidate - li.twite__channel-out.twite__channel-out--desktop.twite__channel-out--messengerdesktop.twite__channel-click-extracted--messengerdesktop.twite__list-elements>a.extracted__channel-link.extracted__channel-link--messengerdesktop
2019-07-18 17:31:29 [readability.readability] DEBUG: Removing unlikely candidate - a.extracted__channel-link.extracted__channel-link--messengerdesktop>span.extracted__icon.extracted__icon--messengerdesktop
2019-07-18 17:31:29 [readability.readability] DEBUG: Removing unlikely candidate - span.extracted__icon.extracted__icon--messengerdesktop>svg.extracted-svg.ex-messengerdesktop
2019-07-18 17:31:29 [readability.readability] DEBUG: Removing unlikely candidate - ul.sharetools>li.twite__channel-out.twite__channel-out--desktop.twite__channel-out--twitter.twite__channel-click-extracted--twitter.twite__list-elements
2019-07-18 17:31:29 [readability.readability] DEBUG: Removing unlikely candidate - li.twite__channel-out.twite__channel-out--desktop.twite__channel-out--twitter.twite__channel-click-extracted--twitter.twite__list-elements>a.extracted__channel-link.extracted__channel-link--twitter
2019-07-18 17:31:30 [readability.readability] DEBUG: Removing unlikely candidate - a.extracted__channel-link.extracted__channel-link--twitter>span.extracted__icon.extracted__icon--twitter
2019-07-18 17:31:30 [readability.readability] DEBUG: Removing unlikely candidate - span.extracted__icon.extracted__icon--twitter>svg.extracted-svg.ex-twitter
2019-07-18 17:31:30 [readability.readability] DEBUG: Removing unlikely candidate - ul.sharetools>li.twite__channel-out.twite__channel-out--desktop.twite__channel-out--email.twite__channel-click-extracted--email.twite__list-elements
2019-07-18 17:31:30 [readability.readability] DEBUG: Removing unlikely candidate - li.twite__channel-out.twite__channel-out--desktop.twite__channel-out--email.twite__channel-click-extracted--email.twite__list-elements>a.extracted__channel-link.extracted__channel-link--email
2019-07-18 17:31:30 [readability.readability] DEBUG: Removing unlikely candidate - a.extracted__channel-link.extracted__channel-link--email>span.extracted__icon.extracted__icon--email
2019-07-18 17:31:30 [readability.readability] DEBUG: Removing unlikely candidate - span.extracted__icon.extracted__icon--email>svg.extracted-svg.ex-email
2019-07-18 17:31:30 [readability.readability] DEBUG: Removing unlikely candidate - ul.sharetools>li.twite__channel-out.twite__channel-out--mobile.twite__channel-out--facebook.twite__channel-click-extracted--facebook.twite__list-elements
2019-07-18 17:31:30 [readability.readability] DEBUG: Removing unlikely candidate - li.twite__channel-out.twite__channel-out--mobile.twite__channel-out--facebook.twite__channel-click-extracted--facebook.twite__list-elements>a.extracted__channel-link.extracted__channel-link--facebook
2019-07-18 17:31:30 [readability.readability] DEBUG: Removing unlikely candidate - a.extracted__channel-link.extracted__channel-link--facebook>span.extracted__icon.extracted__icon--facebook
2019-07-18 17:31:30 [readability.readability] DEBUG: Removing unlikely candidate - span.extracted__icon.extracted__icon--facebook>svg.extracted-svg.ex-facebook
2019-07-18 17:31:30 [readability.readability] DEBUG: Removing unlikely candidate - ul.sharetools>li.twite__channel-out.twite__channel-out--mobile.twite__channel-out--whatsapp.twite__channel-click-extracted--whatsapp.twite__list-elements
2019-07-18 17:31:30 [readability.readability] DEBUG: Removing unlikely candidate - li.twite__channel-out.twite__channel-out--mobile.twite__channel-out--whatsapp.twite__channel-click-extracted--whatsapp.twite__list-elements>a.extracted__channel-link.extracted__channel-link--whatsapp
2019-07-18 17:31:30 [readability.readability] DEBUG: Removing unlikely candidate - a.extracted__channel-link.extracted__channel-link--whatsapp>span.extracted__icon.extracted__icon--whatsapp
2019-07-18 17:31:30 [readability.readability] DEBUG: Removing unlikely candidate - span.extracted__icon.extracted__icon--whatsapp>svg.extracted-svg.ex-whatsapp
2019-07-18 17:31:30 [readability.readability] DEBUG: Removing unlikely candidate - ul.sharetools>li.twite__channel-out.twite__channel-out--mobile.twite__channel-out--messengermobile.twite__channel-click-extracted--messengermobile.twite__list-elements
2019-07-18 17:31:30 [readability.readability] DEBUG: Removing unlikely candidate - li.twite__channel-out.twite__channel-out--mobile.twite__channel-out--messengermobile.twite__channel-click-extracted--messengermobile.twite__list-elements>a.extracted__channel-link.extracted__channel-link--messengermobile
2019-07-18 17:31:30 [readability.readability] DEBUG: Removing unlikely candidate - a.extracted__channel-link.extracted__channel-link--messengermobile>span.extracted__icon.extracted__icon--messengermobile
2019-07-18 17:31:30 [readability.readability] DEBUG: Removing unlikely candidate - span.extracted__icon.extracted__icon--messengermobile>svg.extracted-svg.ex-messengermobile
2019-07-18 17:31:30 [readability.readability] DEBUG: Removing unlikely candidate - ul.sharetools>li.twite__channel-out.twite__channel-out--mobile.twite__channel-out--twitter.twite__channel-click-extracted--twitter.twite__list-elements
2019-07-18 17:31:30 [readability.readability] DEBUG: Removing unlikely candidate - li.twite__channel-out.twite__channel-out--mobile.twite__channel-out--twitter.twite__channel-click-extracted--twitter.twite__list-elements>a.extracted__channel-link.extracted__channel-link--twitter
2019-07-18 17:31:30 [readability.readability] DEBUG: Removing unlikely candidate - a.extracted__channel-link.extracted__channel-link--twitter>span.extracted__icon.extracted__icon--twitter
2019-07-18 17:31:30 [readability.readability] DEBUG: Removing unlikely candidate - span.extracted__icon.extracted__icon--twitter>svg.extracted-svg.ex-twitter
2019-07-18 17:31:30 [readability.readability] DEBUG: Removing unlikely candidate - ul.twite__channels>li.twite__channel.twite__channel--twitter.twite__channel-click--twitter
2019-07-18 17:31:30 [readability.readability] DEBUG: Removing unlikely candidate - a.twite__channel-link>span.twite__icon.twite__icon--twitter
2019-07-18 17:31:30 [readability.readability] DEBUG: Removing unlikely candidate - ul.share__tools.share__tools--lightweight>li.share__tool.share__tool--twitter
2019-07-18 17:31:30 [readability.readability] DEBUG: Removing unlikely candidate - .group.story-alsos.more-on-this-story>.group__header
2019-07-18 17:31:30 [readability.readability] DEBUG: Removing unlikely candidate - .unit__body>.unit__header
2019-07-18 17:31:30 [readability.readability] DEBUG: Removing unlikely candidate - .unit__body>.unit__header
2019-07-18 17:31:30 [readability.readability] DEBUG: Removing unlikely candidate - .unit__body>.unit__header
2019-07-18 17:31:30 [readability.readability] DEBUG: Removing unlikely candidate - .unit__body>.unit__header
2019-07-18 17:31:30 [readability.readability] DEBUG: Removing unlikely candidate - .unit__body>.unit__header
2019-07-18 17:31:30 [readability.readability] DEBUG: Removing unlikely candidate - #site-container>#core-navigation.navigation--footer
2019-07-18 17:31:30 [readability.readability] DEBUG: Removing unlikely candidate - #core-navigation.navigation--footer>h2.navigation--footer__heading
2019-07-18 17:31:30 [readability.readability] DEBUG: Removing unlikely candidate - .direction>#orb-footer.orb-footer
2019-07-18 17:31:30 [readability.readability] DEBUG: Removing unlikely candidate - #orb-aside.orb-nav-sec.b-r.b-g-p>.orb-footer-inner
2019-07-18 17:31:30 [readability.readability] DEBUG: Removing unlikely candidate - .orb-footer-inner>h2.orb-footer-lead
2019-07-18 17:31:30 [readability.readability] DEBUG: Removing unlikely candidate - .orb-footer-inner>.orb-footer-primary-links
2019-07-18 17:31:30 [readability.readability] DEBUG: Removing unlikely candidate - #orb-contentinfo.orb-nav-sec.b-r.b-g-p>.orb-footer-inner
2019-07-18 17:31:30 [readability.readability] DEBUG: Removing unlikely candidate - ul>li.orb-footer-terms
2019-07-18 17:31:30 [readability.readability] DEBUG: Removing unlikely candidate - ul>li.orb-footer-about
2019-07-18 17:31:30 [readability.readability] DEBUG: Removing unlikely candidate - ul>li.orb-footer-privacy
2019-07-18 17:31:30 [readability.readability] DEBUG: Removing unlikely candidate - ul>li.orb-footer-cookies
2019-07-18 17:31:30 [readability.readability] DEBUG: Removing unlikely candidate - ul>li.orb-footer-accessibility
2019-07-18 17:31:30 [readability.readability] DEBUG: Removing unlikely candidate - ul>li.orb-footer-parental
2019-07-18 17:31:30 [readability.readability] DEBUG: Removing unlikely candidate - ul>li.orb-footer-contact
2019-07-18 17:31:30 [readability.readability] DEBUG: Removing unlikely candidate - ul>li.orb-footer-newsletter
2019-07-18 17:31:30 [readability.readability] DEBUG: Removing unlikely candidate - small>span.orb-footer-links
2019-07-18 17:31:30 [readability.readability] DEBUG: Branch 311.460 .story-body>.story-body__inner link density 0.039 -> 299.339
2019-07-18 17:31:30 [readability.readability] DEBUG: Branch 170.730 .column--primary>.story-body link density 0.039 -> 164.141
2019-07-18 17:31:30 [readability.readability] INFO: Top 5 : 299.339 .story-body>.story-body__inner
2019-07-18 17:31:30 [readability.readability] INFO: Top 5 : 164.141 .column--primary>.story-body
2019-07-18 17:31:30 [readability.readability] DEBUG: Not removing .story-body__inner>ul.story-body__unordered-list of length 169: \n\nKhông tập quyền (decentralization)\...
2019-07-18 17:31:30 [readability.readability] DEBUG: Removed 299.339 .story-body__inner>#bbccom_mpu_1_2.bbccom_slot.mpu-ad with weight 0 cause it has too short content length 11 without a single image.
2019-07-18 17:31:30 [readability.readability] DEBUG: Removed 299.339 .story-body__inner>#bbccom_mpu_3.bbccom_slot.mpu-ad with weight 0 cause it has too short content length 11 without a single image.
